2026-03-19 19:54:08 [TestNG-test-Release 1.0 Testing for AE-4] INFO  [qa] [Test_AE10_TC23_Verify_Address_On_Checkout] framework.listeners.TestListener - -----------------  STARTING TEST : Test_AE10_TC23_Verify_Address_On_Checkout  -----------------
2026-03-19 19:54:08 [TestNG-test-Release 1.0 Testing for AE-4] INFO  [qa] [Test_AE10_TC23_Verify_Address_On_Checkout] test.ae.PlaceOrderTests - Running:Step-1
2026-03-19 19:54:09 [TestNG-test-Release 1.0 Testing for AE-4] INFO  [qa] [Test_AE10_TC23_Verify_Address_On_Checkout] test.ae.PlaceOrderTests - Running:Step-2
2026-03-19 19:54:19 [TestNG-test-Release 1.0 Testing for AE-4] INFO  [qa] [Test_AE10_TC23_Verify_Address_On_Checkout] pages.ae.SignupDetailPage - Checkbox: 'Newsletter' is set to: false
2026-03-19 19:54:19 [TestNG-test-Release 1.0 Testing for AE-4] INFO  [qa] [Test_AE10_TC23_Verify_Address_On_Checkout] pages.ae.SignupDetailPage - Checkbox: 'Special Offers' is set to: false
2026-03-19 19:54:19 [TestNG-test-Release 1.0 Testing for AE-4] ERROR [qa] [Test_AE10_TC23_Verify_Address_On_Checkout] io.qameta.allure.util.NamingUtils - Could not process empty pattern
2026-03-19 19:54:19 [TestNG-test-Release 1.0 Testing for AE-4] ERROR [qa] [Test_AE10_TC23_Verify_Address_On_Checkout] io.qameta.allure.util.NamingUtils - Could not process empty pattern
2026-03-19 19:54:27 [TestNG-test-Release 1.0 Testing for AE-4] ERROR [qa] [Test_AE10_TC23_Verify_Address_On_Checkout] io.qameta.allure.util.NamingUtils - Could not find parameter zipcpde
2026-03-19 19:54:32 [TestNG-test-Release 1.0 Testing for AE-4] INFO  [qa] [Test_AE10_TC23_Verify_Address_On_Checkout] test.ae.PlaceOrderTests - Running:Step-3
2026-03-19 19:54:33 [TestNG-test-Release 1.0 Testing for AE-4] INFO  [qa] [Test_AE10_TC23_Verify_Address_On_Checkout] pages.ae.HomePage - Navigating to Products
2026-03-19 19:54:36 [TestNG-test-Release 1.0 Testing for AE-4] INFO  [qa] [Test_AE10_TC23_Verify_Address_On_Checkout] pages.ae.ProductsPage - 
---------------------------------------------------
Product 1 Added To Cart
Name  : Blue Top
Price : 500
------------------------xxxx-----------------------

2026-03-19 19:54:40 [TestNG-test-Release 1.0 Testing for AE-4] INFO  [qa] [Test_AE10_TC23_Verify_Address_On_Checkout] pages.ae.ProductsPage - 
---------------------------------------------------
Product 2 Added To Cart
Name  : Men Tshirt
Price : 400
------------------------xxxx-----------------------

2026-03-19 19:54:40 [TestNG-test-Release 1.0 Testing for AE-4] INFO  [qa] [Test_AE10_TC23_Verify_Address_On_Checkout] test.ae.PlaceOrderTests - Running:Step-4
2026-03-19 19:54:41 [TestNG-test-Release 1.0 Testing for AE-4] INFO  [qa] [Test_AE10_TC23_Verify_Address_On_Checkout] pages.ae.HomePage - Navigating to Cart
2026-03-19 19:54:42 [TestNG-test-Release 1.0 Testing for AE-4] INFO  [qa] [Test_AE10_TC23_Verify_Address_On_Checkout] test.ae.PlaceOrderTests - Running:Step-5
2026-03-19 19:54:42 [TestNG-test-Release 1.0 Testing for AE-4] INFO  [qa] [Test_AE10_TC23_Verify_Address_On_Checkout] pages.ae.CheckOutPage - 
-------------------------------------------------------------------------
               DELIVERY ADDRESS ON CHECKOUT
-------------------------------------------------------------------------
Title Fullname  : Mr. Noah Huel
Company Name    : Crist-Stehr
Address Line1   : 3237 Moore Mews
Address Line2   : Suite 198
Address Line3   : Lake Bernardohaven Virginia 017792
Country         : United States
Phone           : 8666810340
-------------------------------------------------------------------------

2026-03-19 19:54:42 [TestNG-test-Release 1.0 Testing for AE-4] INFO  [qa] [Test_AE10_TC23_Verify_Address_On_Checkout] pages.ae.CheckOutPage - 
-------------------------------------------------------------------------
               INVOICE ADDRESS ON CHECKOUT
-------------------------------------------------------------------------
Title Fullname  : Mr. Noah Huel
Company Name    : Crist-Stehr
Address Line1   : 3237 Moore Mews
Address Line2   : Suite 198
Address Line3   : Lake Bernardohaven Virginia 017792
Country         : United States
Phone           : 8666810340
--------------------------------------------------------------------------

2026-03-19 19:54:42 [TestNG-test-Release 1.0 Testing for AE-4] INFO  [qa] [Test_AE10_TC23_Verify_Address_On_Checkout] test.ae.PlaceOrderTests - Running:Step-7
2026-03-19 19:54:42 [TestNG-test-Release 1.0 Testing for AE-4] INFO  [qa] [Test_AE10_TC23_Verify_Address_On_Checkout] test.ae.PlaceOrderTests - Running:Step-8 >>>> Cleanup
2026-03-19 19:54:45 [TestNG-test-Release 1.0 Testing for AE-4] INFO  [qa] [Test_AE10_TC23_Verify_Address_On_Checkout] framework.listeners.TestListener - {TEST PASSED: Test_AE10_TC23_Verify_Address_On_Checkout
2026-03-19 19:54:46 [TestNG-test-Release 1.0 Testing for AE-4] ERROR [qa] [Test_AE10_TC23_Verify_Address_On_Checkout] io.qameta.allure.AllureLifecycle - Could not add attachment: no test is running
2026-03-19 19:54:46 [TestNG-test-Release 1.0 Testing for AE-4] INFO  [qa] [Test_AE10_TC23_Verify_Address_On_Checkout] framework.listeners.TestListener - Screenshot attached: PASSED Screenshot:
