2026-03-25 09:53:07 [TestNG-test-Release 1.0 Testing for AE-1] INFO  [qa] [Test_AE10_TC15_Verify_Place_Order_For_Customer_Registered_Before_Checkout] framework.listeners.TestListener - -----------------  STARTING TEST : Test_AE10_TC15_Verify_Place_Order_For_Customer_Registered_Before_Checkout  -----------------
2026-03-25 09:53:07 [TestNG-test-Release 1.0 Testing for AE-1] INFO  [qa] [Test_AE10_TC15_Verify_Place_Order_For_Customer_Registered_Before_Checkout] test.ae.PlaceOrderTests - Running:Step-1
2026-03-25 09:53:14 [TestNG-test-Release 1.0 Testing for AE-1] INFO  [qa] [Test_AE10_TC15_Verify_Place_Order_For_Customer_Registered_Before_Checkout] test.ae.PlaceOrderTests - Running:Step-2
2026-03-25 09:53:22 [TestNG-test-Release 1.0 Testing for AE-1] INFO  [qa] [Test_AE10_TC15_Verify_Place_Order_For_Customer_Registered_Before_Checkout] pages.ae.SignupDetailPage - Checkbox: 'Newsletter' is set to: true
2026-03-25 09:53:23 [TestNG-test-Release 1.0 Testing for AE-1] INFO  [qa] [Test_AE10_TC15_Verify_Place_Order_For_Customer_Registered_Before_Checkout] pages.ae.SignupDetailPage - Checkbox: 'Special Offers' is set to: false
2026-03-25 09:53:23 [TestNG-test-Release 1.0 Testing for AE-1] ERROR [qa] [Test_AE10_TC15_Verify_Place_Order_For_Customer_Registered_Before_Checkout] io.qameta.allure.util.NamingUtils - Could not process empty pattern
2026-03-25 09:53:23 [TestNG-test-Release 1.0 Testing for AE-1] ERROR [qa] [Test_AE10_TC15_Verify_Place_Order_For_Customer_Registered_Before_Checkout] io.qameta.allure.util.NamingUtils - Could not process empty pattern
2026-03-25 09:53:34 [TestNG-test-Release 1.0 Testing for AE-1] ERROR [qa] [Test_AE10_TC15_Verify_Place_Order_For_Customer_Registered_Before_Checkout] io.qameta.allure.util.NamingUtils - Could not find parameter zipcpde
2026-03-25 09:53:41 [TestNG-test-Release 1.0 Testing for AE-1] INFO  [qa] [Test_AE10_TC15_Verify_Place_Order_For_Customer_Registered_Before_Checkout] test.ae.PlaceOrderTests - Running:Step-3
2026-03-25 09:53:42 [TestNG-test-Release 1.0 Testing for AE-1] INFO  [qa] [Test_AE10_TC15_Verify_Place_Order_For_Customer_Registered_Before_Checkout] pages.ae.HomePage - Navigating to Products
2026-03-25 09:53:44 [TestNG-test-Release 1.0 Testing for AE-1] WARN  [qa] [Test_AE10_TC15_Verify_Place_Order_For_Customer_Registered_Before_Checkout] pages.ae.ProductsPage - Multiple matching products found for - Sleeveless, hence choosing the first match found.
2026-03-25 09:53:46 [TestNG-test-Release 1.0 Testing for AE-1] INFO  [qa] [Test_AE10_TC15_Verify_Place_Order_For_Customer_Registered_Before_Checkout] pages.ae.ProductsPage - 
---------------------------------------------------
Product 1 Added To Cart
Name  : Sleeveless Dress
Price : 1000
------------------------xxxx-----------------------

2026-03-25 09:53:47 [TestNG-test-Release 1.0 Testing for AE-1] WARN  [qa] [Test_AE10_TC15_Verify_Place_Order_For_Customer_Registered_Before_Checkout] pages.ae.ProductsPage - Multiple matching products found for - Unicorn, hence choosing the first match found.
2026-03-25 09:53:49 [TestNG-test-Release 1.0 Testing for AE-1] INFO  [qa] [Test_AE10_TC15_Verify_Place_Order_For_Customer_Registered_Before_Checkout] pages.ae.ProductsPage - 
---------------------------------------------------
Product 2 Added To Cart
Name  : Sleeveless Unicorn Patch Gown - Pink
Price : 1050
------------------------xxxx-----------------------

2026-03-25 09:53:51 [TestNG-test-Release 1.0 Testing for AE-1] INFO  [qa] [Test_AE10_TC15_Verify_Place_Order_For_Customer_Registered_Before_Checkout] pages.ae.ProductsPage - 
---------------------------------------------------
Product 3 Added To Cart
Name  : Winter Top
Price : 600
------------------------xxxx-----------------------

2026-03-25 09:54:03 [TestNG-test-Release 1.0 Testing for AE-1] INFO  [qa] [Test_AE10_TC15_Verify_Place_Order_For_Customer_Registered_Before_Checkout] pages.ae.ProductsPage - 
---------------------------------------------------
Product 4 Added To Cart
Name  : Little Girls Mr. Panda Shirt
Price : 1200
------------------------xxxx-----------------------

2026-03-25 09:54:03 [TestNG-test-Release 1.0 Testing for AE-1] INFO  [qa] [Test_AE10_TC15_Verify_Place_Order_For_Customer_Registered_Before_Checkout] test.ae.PlaceOrderTests - Running:Step-4
2026-03-25 09:54:04 [TestNG-test-Release 1.0 Testing for AE-1] INFO  [qa] [Test_AE10_TC15_Verify_Place_Order_For_Customer_Registered_Before_Checkout] pages.ae.HomePage - Navigating to Cart
2026-03-25 09:54:10 [TestNG-test-Release 1.0 Testing for AE-1] INFO  [qa] [Test_AE10_TC15_Verify_Place_Order_For_Customer_Registered_Before_Checkout] test.ae.PlaceOrderTests - Running:Step-5.1
2026-03-25 09:54:13 [TestNG-test-Release 1.0 Testing for AE-1] INFO  [qa] [Test_AE10_TC15_Verify_Place_Order_For_Customer_Registered_Before_Checkout] pages.ae.CheckOutPage - 
-------------------------------------------------------------------------
               DELIVERY ADDRESS ON CHECKOUT
-------------------------------------------------------------------------
Title Fullname  : Mrs. Filiberto Pacocha
Company Name    : Gulgowski, Gleason and Bechtelar
Address Line1   : 3137 Edgar Island
Address Line2   : Suite 415
Address Line3   : Jcbury North Carolina 830556
Country         : Canada
Phone           : 3926683098
-------------------------------------------------------------------------

2026-03-25 09:54:18 [TestNG-test-Release 1.0 Testing for AE-1] INFO  [qa] [Test_AE10_TC15_Verify_Place_Order_For_Customer_Registered_Before_Checkout] pages.ae.CheckOutPage - 
-------------------------------------------------------------------------
               INVOICE ADDRESS ON CHECKOUT
-------------------------------------------------------------------------
Title Fullname  : Mrs. Filiberto Pacocha
Company Name    : Gulgowski, Gleason and Bechtelar
Address Line1   : 3137 Edgar Island
Address Line2   : Suite 415
Address Line3   : Jcbury North Carolina 830556
Country         : Canada
Phone           : 3926683098
--------------------------------------------------------------------------

2026-03-25 09:54:19 [TestNG-test-Release 1.0 Testing for AE-1] INFO  [qa] [Test_AE10_TC15_Verify_Place_Order_For_Customer_Registered_Before_Checkout] test.ae.PlaceOrderTests - Running:Step-5.2
2026-03-25 09:54:26 [TestNG-test-Release 1.0 Testing for AE-1] INFO  [qa] [Test_AE10_TC15_Verify_Place_Order_For_Customer_Registered_Before_Checkout] pages.ae.CheckOutPage - 
				PRODUCT-1 DETAILS FROM CART
---------------------------------------------------
Name        : Sleeveless Dress
Category    : Women
SubCategory : Dress
Price       : 1000
Quantity    : 1
Total       : 1000
----------------------------------------------------


2026-03-25 09:54:32 [TestNG-test-Release 1.0 Testing for AE-1] INFO  [qa] [Test_AE10_TC15_Verify_Place_Order_For_Customer_Registered_Before_Checkout] pages.ae.CheckOutPage - 
				PRODUCT-2 DETAILS FROM CART
---------------------------------------------------
Name        : Sleeveless Unicorn Patch Gown - Pink
Category    : Kids
SubCategory : Dress
Price       : 1050
Quantity    : 1
Total       : 1050
----------------------------------------------------


2026-03-25 09:54:38 [TestNG-test-Release 1.0 Testing for AE-1] INFO  [qa] [Test_AE10_TC15_Verify_Place_Order_For_Customer_Registered_Before_Checkout] pages.ae.CheckOutPage - 
				PRODUCT-3 DETAILS FROM CART
---------------------------------------------------
Name        : Winter Top
Category    : Women
SubCategory : Tops
Price       : 600
Quantity    : 1
Total       : 600
----------------------------------------------------


2026-03-25 09:54:43 [TestNG-test-Release 1.0 Testing for AE-1] INFO  [qa] [Test_AE10_TC15_Verify_Place_Order_For_Customer_Registered_Before_Checkout] pages.ae.CheckOutPage - 
				PRODUCT-4 DETAILS FROM CART
---------------------------------------------------
Name        : Little Girls Mr. Panda Shirt
Category    : Kids
SubCategory : Tops & Shirts
Price       : 1200
Quantity    : 1
Total       : 1200
----------------------------------------------------


2026-03-25 09:54:44 [TestNG-test-Release 1.0 Testing for AE-1] INFO  [qa] [Test_AE10_TC15_Verify_Place_Order_For_Customer_Registered_Before_Checkout] pages.ae.CheckOutPage - 
				CART SUMMARY
---------------------------------------------------
Total of <4> Product/s are Added To Cart
Cart Total Price is '3850'
----------------------------------------------------


2026-03-25 09:54:44 [TestNG-test-Release 1.0 Testing for AE-1] INFO  [qa] [Test_AE10_TC15_Verify_Place_Order_For_Customer_Registered_Before_Checkout] test.ae.PlaceOrderTests - The expected cart total: 3850
2026-03-25 09:54:44 [TestNG-test-Release 1.0 Testing for AE-1] INFO  [qa] [Test_AE10_TC15_Verify_Place_Order_For_Customer_Registered_Before_Checkout] test.ae.PlaceOrderTests - Running:Step-7
2026-03-25 09:54:47 [TestNG-test-Release 1.0 Testing for AE-1] INFO  [qa] [Test_AE10_TC15_Verify_Place_Order_For_Customer_Registered_Before_Checkout] test.ae.PlaceOrderTests - Running:Step-8
2026-03-25 09:54:49 [TestNG-test-Release 1.0 Testing for AE-1] INFO  [qa] [Test_AE10_TC15_Verify_Place_Order_For_Customer_Registered_Before_Checkout] test.ae.PlaceOrderTests - Running:Step-9
2026-03-25 09:54:52 [TestNG-test-Release 1.0 Testing for AE-1] INFO  [qa] [Test_AE10_TC15_Verify_Place_Order_For_Customer_Registered_Before_Checkout] test.ae.PlaceOrderTests - Running:Step-10
2026-03-25 09:54:52 [TestNG-test-Release 1.0 Testing for AE-1] INFO  [qa] [Test_AE10_TC15_Verify_Place_Order_For_Customer_Registered_Before_Checkout] test.ae.PlaceOrderTests - Running:Step-11 >>>> Cleanup
2026-03-25 09:54:57 [TestNG-test-Release 1.0 Testing for AE-1] INFO  [qa] [Test_AE10_TC15_Verify_Place_Order_For_Customer_Registered_Before_Checkout] framework.listeners.TestListener - {TEST PASSED: Test_AE10_TC15_Verify_Place_Order_For_Customer_Registered_Before_Checkout
2026-03-25 09:55:04 [TestNG-test-Release 1.0 Testing for AE-1] ERROR [qa] [Test_AE10_TC15_Verify_Place_Order_For_Customer_Registered_Before_Checkout] io.qameta.allure.AllureLifecycle - Could not add attachment: no test is running
2026-03-25 09:55:04 [TestNG-test-Release 1.0 Testing for AE-1] INFO  [qa] [Test_AE10_TC15_Verify_Place_Order_For_Customer_Registered_Before_Checkout] framework.listeners.TestListener - Screenshot attached: PASSED Screenshot:
