2026-03-25 10:00:10 [TestNG-test-Release 1.0 Testing for AE-1] INFO  [qa] [Test_AE10_TC24_Verify_Purchase_Order_Invoice_Download] framework.listeners.TestListener - -----------------  STARTING TEST : Test_AE10_TC24_Verify_Purchase_Order_Invoice_Download  -----------------
2026-03-25 10:00:10 [TestNG-test-Release 1.0 Testing for AE-1] INFO  [qa] [Test_AE10_TC24_Verify_Purchase_Order_Invoice_Download] test.ae.PlaceOrderTests - Running:Step-1
2026-03-25 10:00:18 [TestNG-test-Release 1.0 Testing for AE-1] INFO  [qa] [Test_AE10_TC24_Verify_Purchase_Order_Invoice_Download] test.ae.PlaceOrderTests - Running:Step-2
2026-03-25 10:00:19 [TestNG-test-Release 1.0 Testing for AE-1] INFO  [qa] [Test_AE10_TC24_Verify_Purchase_Order_Invoice_Download] pages.ae.HomePage - Navigating to Products
2026-03-25 10:00:25 [TestNG-test-Release 1.0 Testing for AE-1] INFO  [qa] [Test_AE10_TC24_Verify_Purchase_Order_Invoice_Download] pages.ae.ProductsPage - 
---------------------------------------------------
Product 1 Added To Cart
Name  : Blue Top
Price : 500
------------------------xxxx-----------------------

2026-03-25 10:00:28 [TestNG-test-Release 1.0 Testing for AE-1] INFO  [qa] [Test_AE10_TC24_Verify_Purchase_Order_Invoice_Download] pages.ae.ProductsPage - 
---------------------------------------------------
Product 2 Added To Cart
Name  : Men Tshirt
Price : 400
------------------------xxxx-----------------------

2026-03-25 10:00:28 [TestNG-test-Release 1.0 Testing for AE-1] INFO  [qa] [Test_AE10_TC24_Verify_Purchase_Order_Invoice_Download] test.ae.PlaceOrderTests - Running:Step-3
2026-03-25 10:00:29 [TestNG-test-Release 1.0 Testing for AE-1] INFO  [qa] [Test_AE10_TC24_Verify_Purchase_Order_Invoice_Download] pages.ae.HomePage - Navigating to Cart
2026-03-25 10:00:32 [TestNG-test-Release 1.0 Testing for AE-1] INFO  [qa] [Test_AE10_TC24_Verify_Purchase_Order_Invoice_Download] test.ae.PlaceOrderTests - Running:Step-4
2026-03-25 10:01:02 [TestNG-test-Release 1.0 Testing for AE-1] ERROR [qa] [Test_AE10_TC24_Verify_Purchase_Order_Invoice_Download] framework.listeners.TestListener - ========================================
2026-03-25 10:01:02 [TestNG-test-Release 1.0 Testing for AE-1] ERROR [qa] [Test_AE10_TC24_Verify_Purchase_Order_Invoice_Download] framework.listeners.TestListener -          ACTUAL TEST FAILURE            
2026-03-25 10:01:02 [TestNG-test-Release 1.0 Testing for AE-1] ERROR [qa] [Test_AE10_TC24_Verify_Purchase_Order_Invoice_Download] framework.listeners.TestListener - ========================================
2026-03-25 10:01:02 [TestNG-test-Release 1.0 Testing for AE-1] ERROR [qa] [Test_AE10_TC24_Verify_Purchase_Order_Invoice_Download] framework.listeners.TestListener - Test    : Test_AE10_TC24_Verify_Purchase_Order_Invoice_Download
2026-03-25 10:01:02 [TestNG-test-Release 1.0 Testing for AE-1] ERROR [qa] [Test_AE10_TC24_Verify_Purchase_Order_Invoice_Download] framework.listeners.TestListener - Cause   : TimeoutError
2026-03-25 10:01:02 [TestNG-test-Release 1.0 Testing for AE-1] ERROR [qa] [Test_AE10_TC24_Verify_Purchase_Order_Invoice_Download] framework.listeners.TestListener - Details : 
com.microsoft.playwright.TimeoutError: Error {
  message='Timeout 30000ms exceeded.
  name='TimeoutError
  stack='TimeoutError: Timeout 30000ms exceeded.
    at ProgressController.run (C:\Windows\playwright\1.58.1\node_modules\playwright-core\lib\server\progress.js:86:28)
    at FrameDispatcher._runCommand (C:\Windows\playwright\1.58.1\node_modules\playwright-core\lib\server\dispatchers\dispatcher.js:91:31)
    at DispatcherConnection.dispatch (C:\Windows\playwright\1.58.1\node_modules\playwright-core\lib\server\dispatchers\dispatcher.js:325:39)
    at process.processTicksAndRejections (node:internal/process/task_queues:95:5)
}
Call log:
-   - waiting for getByRole(AriaRole.LINK, new Page.GetByRoleOptions().setName("Register / Login"))

	at com.microsoft.playwright.impl.WaitableResult.get(WaitableResult.java:52)
	at com.microsoft.playwright.impl.ChannelOwner.runUntil(ChannelOwner.java:138)
	at com.microsoft.playwright.impl.Connection.sendMessage(Connection.java:131)
	at com.microsoft.playwright.impl.ChannelOwner.sendMessage(ChannelOwner.java:124)
	at com.microsoft.playwright.impl.FrameImpl.clickImpl(FrameImpl.java:244)
	at com.microsoft.playwright.impl.LocatorImpl.click(LocatorImpl.java:164)
	at com.microsoft.playwright.Locator.click(Locator.java:2543)
	at pages.ae.CartPage.clickRegisterLoginLink(CartPage.java:55)
	at test.ae.PlaceOrderTests.Test_AE10_TC24_Verify_Purchase_Order_Invoice_Download(PlaceOrderTests.java:538)
	at java.base/jdk.internal.reflect.NativeMethodAccessorImpl.invoke0(Native Method)
	at java.base/jdk.internal.reflect.NativeMethodAccessorImpl.invoke(NativeMethodAccessorImpl.java:77)
	at java.base/jdk.internal.reflect.DelegatingMethodAccessorImpl.invoke(DelegatingMethodAccessorImpl.java:43)
	at java.base/java.lang.reflect.Method.invoke(Method.java:569)
	at org.testng.internal.invokers.MethodInvocationHelper.invokeMethod(MethodInvocationHelper.java:141)
	at org.testng.internal.invokers.TestInvoker.invokeMethod(TestInvoker.java:697)
	at org.testng.internal.invokers.TestInvoker.invokeTestMethod(TestInvoker.java:230)
	at org.testng.internal.invokers.MethodRunner.runInSequence(MethodRunner.java:63)
	at org.testng.internal.invokers.TestInvoker$MethodInvocationAgent.invoke(TestInvoker.java:1005)
	at org.testng.internal.invokers.TestInvoker.invokeTestMethods(TestInvoker.java:203)
	at org.testng.internal.invokers.TestMethodWorker.invokeTestMethods(TestMethodWorker.java:154)
	at org.testng.internal.invokers.TestMethodWorker.run(TestMethodWorker.java:134)
	at java.base/java.util.concurrent.Executors$RunnableAdapter.call(Executors.java:539)
	at java.base/java.util.concurrent.FutureTask.run(FutureTask.java:264)
	at org.testng.internal.thread.graph.TestNGFutureTask.run(TestNGFutureTask.java:22)
	at java.base/java.util.concurrent.ThreadPoolExecutor.runWorker(ThreadPoolExecutor.java:1136)
	at java.base/java.util.concurrent.ThreadPoolExecutor$Worker.run(ThreadPoolExecutor.java:635)
	at java.base/java.lang.Thread.run(Thread.java:840)
Caused by: com.microsoft.playwright.TimeoutError: Error {
  message='Timeout 30000ms exceeded.
  name='TimeoutError
  stack='TimeoutError: Timeout 30000ms exceeded.
    at ProgressController.run (C:\Windows\playwright\1.58.1\node_modules\playwright-core\lib\server\progress.js:86:28)
    at FrameDispatcher._runCommand (C:\Windows\playwright\1.58.1\node_modules\playwright-core\lib\server\dispatchers\dispatcher.js:91:31)
    at DispatcherConnection.dispatch (C:\Windows\playwright\1.58.1\node_modules\playwright-core\lib\server\dispatchers\dispatcher.js:325:39)
    at process.processTicksAndRejections (node:internal/process/task_queues:95:5)
}
Call log:
-   - waiting for getByRole(AriaRole.LINK, new Page.GetByRoleOptions().setName("Register / Login"))

	at com.microsoft.playwright.impl.Connection.dispatch(Connection.java:257)
	at com.microsoft.playwright.impl.Connection.processOneMessage(Connection.java:214)
	at com.microsoft.playwright.impl.ChannelOwner.runUntil(ChannelOwner.java:136)
	... 25 common frames omitted
2026-03-25 10:01:02 [TestNG-test-Release 1.0 Testing for AE-1] ERROR [qa] [Test_AE10_TC24_Verify_Purchase_Order_Invoice_Download] framework.listeners.TestListener - ==================XXXXX=================
2026-03-25 10:01:02 [TestNG-test-Release 1.0 Testing for AE-1] INFO  [qa] [Test_AE10_TC24_Verify_Purchase_Order_Invoice_Download] framework.listeners.TestListener - {TEST FAILED: Test_AE10_TC24_Verify_Purchase_Order_Invoice_Download
2026-03-25 10:01:02 [TestNG-test-Release 1.0 Testing for AE-1] ERROR [qa] [Test_AE10_TC24_Verify_Purchase_Order_Invoice_Download] framework.listeners.TestListener - Failure Reason: com.microsoft.playwright.TimeoutError: Error {
  message='Timeout 30000ms exceeded.
  name='TimeoutError
  stack='TimeoutError: Timeout 30000ms exceeded.
    at ProgressController.run (C:\Windows\playwright\1.58.1\node_modules\playwright-core\lib\server\progress.js:86:28)
    at FrameDispatcher._runCommand (C:\Windows\playwright\1.58.1\node_modules\playwright-core\lib\server\dispatchers\dispatcher.js:91:31)
    at DispatcherConnection.dispatch (C:\Windows\playwright\1.58.1\node_modules\playwright-core\lib\server\dispatchers\dispatcher.js:325:39)
    at process.processTicksAndRejections (node:internal/process/task_queues:95:5)
}
Call log:
-   - waiting for getByRole(AriaRole.LINK, new Page.GetByRoleOptions().setName("Register / Login"))

2026-03-25 10:01:02 [TestNG-test-Release 1.0 Testing for AE-1] ERROR [qa] [Test_AE10_TC24_Verify_Purchase_Order_Invoice_Download] io.qameta.allure.AllureLifecycle - Could not add attachment: no test is running
2026-03-25 10:01:02 [TestNG-test-Release 1.0 Testing for AE-1] ERROR [qa] [Test_AE10_TC24_Verify_Purchase_Order_Invoice_Download] io.qameta.allure.AllureLifecycle - Could not start step: no test case running
2026-03-25 10:01:02 [TestNG-test-Release 1.0 Testing for AE-1] ERROR [qa] [Test_AE10_TC24_Verify_Purchase_Order_Invoice_Download] io.qameta.allure.AllureLifecycle - Could not stop step: step with uuid fc646c57-e3b1-4ac0-bc3e-1b478315dd22 not found
2026-03-25 10:01:02 [TestNG-test-Release 1.0 Testing for AE-1] INFO  [qa] [Test_AE10_TC24_Verify_Purchase_Order_Invoice_Download] framework.listeners.TestListener - Screenshot attached: FAILURE Screenshot:
