2026-03-25 05:06:38 [TestNG-test-Release 1.0 Testing for AE-3] INFO  [qa] [Test_AE5_TC08_Verify_Product_Search_Detail_Page] framework.listeners.TestListener - -----------------  STARTING TEST : Test_AE5_TC08_Verify_Product_Search_Detail_Page  -----------------
2026-03-25 05:06:38 [TestNG-test-Release 1.0 Testing for AE-3] INFO  [qa] [Test_AE5_TC08_Verify_Product_Search_Detail_Page] test.ae.ProductsTests - Running:Step-1
2026-03-25 05:06:40 [TestNG-test-Release 1.0 Testing for AE-3] INFO  [qa] [Test_AE5_TC08_Verify_Product_Search_Detail_Page] test.ae.ProductsTests - Running:Step-2
2026-03-25 05:06:42 [TestNG-test-Release 1.0 Testing for AE-3] INFO  [qa] [Test_AE5_TC08_Verify_Product_Search_Detail_Page] pages.ae.HomePage - Navigating to Products
2026-03-25 05:06:44 [TestNG-test-Release 1.0 Testing for AE-3] INFO  [qa] [Test_AE5_TC08_Verify_Product_Search_Detail_Page] test.ae.ProductsTests - Running:Step-3
2026-03-25 05:06:45 [TestNG-test-Release 1.0 Testing for AE-3] INFO  [qa] [Test_AE5_TC08_Verify_Product_Search_Detail_Page] test.ae.ProductsTests - Running:Step-4
2026-03-25 05:06:46 [TestNG-test-Release 1.0 Testing for AE-3] INFO  [qa] [Test_AE5_TC08_Verify_Product_Search_Detail_Page] pages.ae.ProductDetailPage - 
Product Details
---------------
Name     	 :
								
								Blue Top
								Category: Women > Tops
								
								
									Rs. 500
									Quantity:
									
									
									
										
										Add to cart
									
								
								Availability: In Stock
								Condition: New
								Brand: Polo
							
Category 	 :: Polo
Price    	 :Rs. 500
									Quantity:
									
									
									
										
										Add to cart
									
								
								Availability: In Stock
								Condition: New
								Brand: Polo
Availability :Availability: In Stock
								Condition: New
								Brand: Polo
Condition    :Condition: New
								Brand: Polo
Brand        :Brand: Polo

2026-03-25 05:06:46 [TestNG-test-Release 1.0 Testing for AE-3] INFO  [qa] [Test_AE5_TC08_Verify_Product_Search_Detail_Page] framework.listeners.TestListener - {TEST PASSED: Test_AE5_TC08_Verify_Product_Search_Detail_Page
2026-03-25 05:06:46 [TestNG-test-Release 1.0 Testing for AE-3] ERROR [qa] [Test_AE5_TC08_Verify_Product_Search_Detail_Page] io.qameta.allure.AllureLifecycle - Could not add attachment: no test is running
2026-03-25 05:06:46 [TestNG-test-Release 1.0 Testing for AE-3] INFO  [qa] [Test_AE5_TC08_Verify_Product_Search_Detail_Page] framework.listeners.TestListener - Screenshot attached: PASSED Screenshot:
