2026-03-27 05:48:05 [TestNG-tests-1] INFO  [qa] [Test_AE1_TC01_Verify_New_User_SignUp_chrome_28] framework.listeners.TestListener - --- STARTING TEST : SignupTests#Test_AE1_TC01_Verify_New_User_SignUp on chrome [thread-28] ---
2026-03-27 05:48:05 [TestNG-tests-1] INFO  [qa] [Test_AE1_TC01_Verify_New_User_SignUp_chrome_28] test.ae.SignupTests - Running:Step-1
2026-03-27 05:48:11 [TestNG-tests-1] INFO  [qa] [Test_AE1_TC01_Verify_New_User_SignUp_chrome_28] test.ae.SignupTests - Running:Step-2
2026-03-27 05:48:15 [TestNG-tests-1] INFO  [qa] [Test_AE1_TC01_Verify_New_User_SignUp_chrome_28] test.ae.SignupTests - Running:Step-3
2026-03-27 05:48:34 [TestNG-tests-1] INFO  [qa] [Test_AE1_TC01_Verify_New_User_SignUp_chrome_28] test.ae.SignupTests - Running:Step-4
2026-03-27 05:48:36 [TestNG-tests-1] INFO  [qa] [Test_AE1_TC01_Verify_New_User_SignUp_chrome_28] pages.ae.SignupDetailPage - Checkbox: 'Newsletter' is set to: true
2026-03-27 05:48:36 [TestNG-tests-1] INFO  [qa] [Test_AE1_TC01_Verify_New_User_SignUp_chrome_28] pages.ae.SignupDetailPage - Checkbox: 'Special Offers' is set to: false
2026-03-27 05:48:36 [TestNG-tests-1] INFO  [qa] [Test_AE1_TC01_Verify_New_User_SignUp_chrome_28] test.ae.SignupTests - Running:Step-5
2026-03-27 05:48:36 [TestNG-tests-1] ERROR [qa] [Test_AE1_TC01_Verify_New_User_SignUp_chrome_28] io.qameta.allure.util.NamingUtils - Could not process empty pattern
2026-03-27 05:48:36 [TestNG-tests-1] ERROR [qa] [Test_AE1_TC01_Verify_New_User_SignUp_chrome_28] io.qameta.allure.util.NamingUtils - Could not process empty pattern
2026-03-27 05:48:38 [TestNG-tests-1] ERROR [qa] [Test_AE1_TC01_Verify_New_User_SignUp_chrome_28] io.qameta.allure.util.NamingUtils - Could not find parameter zipcpde
2026-03-27 05:48:39 [TestNG-tests-1] INFO  [qa] [Test_AE1_TC01_Verify_New_User_SignUp_chrome_28] pages.ae.SignupDetailPage - Checkbox: 'Special Offers' is set to: false
2026-03-27 05:48:39 [TestNG-tests-1] INFO  [qa] [Test_AE1_TC01_Verify_New_User_SignUp_chrome_28] test.ae.SignupTests - Running:Step-6
2026-03-27 05:48:48 [TestNG-tests-1] INFO  [qa] [Test_AE1_TC01_Verify_New_User_SignUp_chrome_28] framework.listeners.TestListener - TEST PASSED: Test_AE1_TC01_Verify_New_User_SignUp
2026-03-27 05:49:00 [TestNG-tests-1] ERROR [qa] [Test_AE1_TC01_Verify_New_User_SignUp_chrome_28] io.qameta.allure.AllureLifecycle - Could not add attachment: no test is running
2026-03-27 05:49:00 [TestNG-tests-1] INFO  [qa] [Test_AE1_TC01_Verify_New_User_SignUp_chrome_28] framework.listeners.TestListener - Screenshot attached: PASSED Screenshot:
2026-03-27 05:49:09 [TestNG-tests-1] INFO  [qa] [Test_AE1_TC01_Verify_New_User_SignUp_chrome_28] test.ae.SignupTests - Trace stopped for: Test_AE1_TC01_Verify_New_User_SignUp
2026-03-27 05:49:15 [TestNG-tests-1] INFO  [qa] [Test_AE1_TC01_Verify_New_User_SignUp_chrome_28] test.ae.SignupTests - BS status marked: passed — response: 200
2026-03-27 05:49:15 [TestNG-tests-1] INFO  [qa] [Test_AE1_TC01_Verify_New_User_SignUp_chrome_28] framework.drivers.DriverManager - Browser closed successfully.
2026-03-27 05:49:15 [TestNG-tests-1] WARN  [qa] [Test_AE1_TC01_Verify_New_User_SignUp_chrome_28] framework.drivers.DriverManager - Could not annotate BrowserStack session: Browser has been closed
2026-03-27 05:49:15 [TestNG-tests-1] INFO  [qa] [Test_AE1_TC01_Verify_New_User_SignUp_chrome_28] test.ae.SignupTests - Driver shutdown successful.
2026-03-27 05:49:15 [TestNG-tests-1] INFO  [qa] [Test_AE1_TC01_Verify_New_User_SignUp_chrome_28] reporting.ReportManager - ✅ Attachment added to Allure: 🎭 Playwright Trace — Test_AE1_TC01_Verify_New_User_SignUp
2026-03-27 05:49:15 [TestNG-tests-1] INFO  [qa] [Test_AE1_TC01_Verify_New_User_SignUp_chrome_28] test.ae.SignupTests - Trace attached for: Test_AE1_TC01_Verify_New_User_SignUp
2026-03-27 05:49:15 [TestNG-tests-1] INFO  [qa] [Test_AE1_TC01_Verify_New_User_SignUp_chrome_28] test.ae.SignupTests - trace temp file deleted from disk.
