2026-03-27 05:48:09 [TestNG-tests-3] INFO  [qa] [Test_AE1_TC01_Verify_New_User_SignUp_edge_30] framework.listeners.TestListener - --- STARTING TEST : SignupTests#Test_AE1_TC01_Verify_New_User_SignUp on edge [thread-30] ---
2026-03-27 05:48:09 [TestNG-tests-3] INFO  [qa] [Test_AE1_TC01_Verify_New_User_SignUp_edge_30] test.ae.SignupTests - Running:Step-1
2026-03-27 05:48:14 [TestNG-tests-3] INFO  [qa] [Test_AE1_TC01_Verify_New_User_SignUp_edge_30] test.ae.SignupTests - Running:Step-2
2026-03-27 05:48:17 [TestNG-tests-3] INFO  [qa] [Test_AE1_TC01_Verify_New_User_SignUp_edge_30] test.ae.SignupTests - Running:Step-3
2026-03-27 05:48:19 [TestNG-tests-3] INFO  [qa] [Test_AE1_TC01_Verify_New_User_SignUp_edge_30] test.ae.SignupTests - Running:Step-4
2026-03-27 05:48:20 [TestNG-tests-3] INFO  [qa] [Test_AE1_TC01_Verify_New_User_SignUp_edge_30] pages.ae.SignupDetailPage - Checkbox: 'Newsletter' is set to: true
2026-03-27 05:48:20 [TestNG-tests-3] INFO  [qa] [Test_AE1_TC01_Verify_New_User_SignUp_edge_30] pages.ae.SignupDetailPage - Checkbox: 'Special Offers' is set to: false
2026-03-27 05:48:20 [TestNG-tests-3] INFO  [qa] [Test_AE1_TC01_Verify_New_User_SignUp_edge_30] test.ae.SignupTests - Running:Step-5
2026-03-27 05:48:20 [TestNG-tests-3] ERROR [qa] [Test_AE1_TC01_Verify_New_User_SignUp_edge_30] io.qameta.allure.util.NamingUtils - Could not process empty pattern
2026-03-27 05:48:20 [TestNG-tests-3] ERROR [qa] [Test_AE1_TC01_Verify_New_User_SignUp_edge_30] io.qameta.allure.util.NamingUtils - Could not process empty pattern
2026-03-27 05:48:22 [TestNG-tests-3] ERROR [qa] [Test_AE1_TC01_Verify_New_User_SignUp_edge_30] io.qameta.allure.util.NamingUtils - Could not find parameter zipcpde
2026-03-27 05:48:23 [TestNG-tests-3] INFO  [qa] [Test_AE1_TC01_Verify_New_User_SignUp_edge_30] pages.ae.SignupDetailPage - Checkbox: 'Special Offers' is set to: false
2026-03-27 05:48:24 [TestNG-tests-3] INFO  [qa] [Test_AE1_TC01_Verify_New_User_SignUp_edge_30] test.ae.SignupTests - Running:Step-6
2026-03-27 05:48:34 [TestNG-tests-3] INFO  [qa] [Test_AE1_TC01_Verify_New_User_SignUp_edge_30] framework.listeners.TestListener - TEST PASSED: Test_AE1_TC01_Verify_New_User_SignUp
2026-03-27 05:48:37 [TestNG-tests-3] ERROR [qa] [Test_AE1_TC01_Verify_New_User_SignUp_edge_30] io.qameta.allure.AllureLifecycle - Could not add attachment: no test is running
2026-03-27 05:48:37 [TestNG-tests-3] INFO  [qa] [Test_AE1_TC01_Verify_New_User_SignUp_edge_30] framework.listeners.TestListener - Screenshot attached: PASSED Screenshot:
2026-03-27 05:48:44 [TestNG-tests-3] INFO  [qa] [Test_AE1_TC01_Verify_New_User_SignUp_edge_30] test.ae.SignupTests - Trace stopped for: Test_AE1_TC01_Verify_New_User_SignUp
2026-03-27 05:48:48 [TestNG-tests-3] INFO  [qa] [Test_AE1_TC01_Verify_New_User_SignUp_edge_30] test.ae.SignupTests - BS status marked: passed — response: 200
2026-03-27 05:48:48 [TestNG-tests-3] INFO  [qa] [Test_AE1_TC01_Verify_New_User_SignUp_edge_30] framework.drivers.DriverManager - Browser closed successfully.
2026-03-27 05:48:48 [TestNG-tests-3] WARN  [qa] [Test_AE1_TC01_Verify_New_User_SignUp_edge_30] framework.drivers.DriverManager - Could not annotate BrowserStack session: Browser has been closed
2026-03-27 05:48:48 [TestNG-tests-3] INFO  [qa] [Test_AE1_TC01_Verify_New_User_SignUp_edge_30] test.ae.SignupTests - Driver shutdown successful.
2026-03-27 05:48:48 [TestNG-tests-3] INFO  [qa] [Test_AE1_TC01_Verify_New_User_SignUp_edge_30] reporting.ReportManager - ✅ Attachment added to Allure: 🎭 Playwright Trace — Test_AE1_TC01_Verify_New_User_SignUp
2026-03-27 05:48:48 [TestNG-tests-3] INFO  [qa] [Test_AE1_TC01_Verify_New_User_SignUp_edge_30] test.ae.SignupTests - Trace attached for: Test_AE1_TC01_Verify_New_User_SignUp
2026-03-27 05:48:48 [TestNG-tests-3] INFO  [qa] [Test_AE1_TC01_Verify_New_User_SignUp_edge_30] test.ae.SignupTests - trace temp file deleted from disk.
