2026-03-25 09:58:49 [TestNG-test-Release 1.0 Testing for AE-1] INFO  [qa] [Test_AE10_TC23_Verify_Address_On_Checkout] framework.listeners.TestListener - -----------------  STARTING TEST : Test_AE10_TC23_Verify_Address_On_Checkout  -----------------
2026-03-25 09:58:49 [TestNG-test-Release 1.0 Testing for AE-1] INFO  [qa] [Test_AE10_TC23_Verify_Address_On_Checkout] test.ae.PlaceOrderTests - Running:Step-1
2026-03-25 09:58:54 [TestNG-test-Release 1.0 Testing for AE-1] INFO  [qa] [Test_AE10_TC23_Verify_Address_On_Checkout] test.ae.PlaceOrderTests - Running:Step-2
2026-03-25 09:58:59 [TestNG-test-Release 1.0 Testing for AE-1] INFO  [qa] [Test_AE10_TC23_Verify_Address_On_Checkout] pages.ae.SignupDetailPage - Checkbox: 'Newsletter' is set to: false
2026-03-25 09:59:00 [TestNG-test-Release 1.0 Testing for AE-1] INFO  [qa] [Test_AE10_TC23_Verify_Address_On_Checkout] pages.ae.SignupDetailPage - Checkbox: 'Special Offers' is set to: true
2026-03-25 09:59:00 [TestNG-test-Release 1.0 Testing for AE-1] ERROR [qa] [Test_AE10_TC23_Verify_Address_On_Checkout] io.qameta.allure.util.NamingUtils - Could not process empty pattern
2026-03-25 09:59:00 [TestNG-test-Release 1.0 Testing for AE-1] ERROR [qa] [Test_AE10_TC23_Verify_Address_On_Checkout] io.qameta.allure.util.NamingUtils - Could not process empty pattern
2026-03-25 09:59:03 [TestNG-test-Release 1.0 Testing for AE-1] ERROR [qa] [Test_AE10_TC23_Verify_Address_On_Checkout] io.qameta.allure.util.NamingUtils - Could not find parameter zipcpde
2026-03-25 09:59:06 [TestNG-test-Release 1.0 Testing for AE-1] INFO  [qa] [Test_AE10_TC23_Verify_Address_On_Checkout] test.ae.PlaceOrderTests - Running:Step-3
2026-03-25 09:59:09 [TestNG-test-Release 1.0 Testing for AE-1] INFO  [qa] [Test_AE10_TC23_Verify_Address_On_Checkout] pages.ae.HomePage - Navigating to Products
2026-03-25 09:59:13 [TestNG-test-Release 1.0 Testing for AE-1] INFO  [qa] [Test_AE10_TC23_Verify_Address_On_Checkout] pages.ae.ProductsPage - 
---------------------------------------------------
Product 1 Added To Cart
Name  : Blue Top
Price : 500
------------------------xxxx-----------------------

2026-03-25 09:59:16 [TestNG-test-Release 1.0 Testing for AE-1] INFO  [qa] [Test_AE10_TC23_Verify_Address_On_Checkout] pages.ae.ProductsPage - 
---------------------------------------------------
Product 2 Added To Cart
Name  : Men Tshirt
Price : 400
------------------------xxxx-----------------------

2026-03-25 09:59:16 [TestNG-test-Release 1.0 Testing for AE-1] INFO  [qa] [Test_AE10_TC23_Verify_Address_On_Checkout] test.ae.PlaceOrderTests - Running:Step-4
2026-03-25 09:59:17 [TestNG-test-Release 1.0 Testing for AE-1] INFO  [qa] [Test_AE10_TC23_Verify_Address_On_Checkout] pages.ae.HomePage - Navigating to Cart
2026-03-25 09:59:24 [TestNG-test-Release 1.0 Testing for AE-1] INFO  [qa] [Test_AE10_TC23_Verify_Address_On_Checkout] framework.listeners.TestListener - {TEST FAILED: Test_AE10_TC23_Verify_Address_On_Checkout
2026-03-25 09:59:24 [TestNG-test-Release 1.0 Testing for AE-1] ERROR [qa] [Test_AE10_TC23_Verify_Address_On_Checkout] framework.listeners.TestListener - Failure Reason: org.opentest4j.AssertionFailedError: Page URL expected to match regex
Expected: /checkout
Received: https://automationexercise.com/view_cart

Call log:
  - Assert "hasURL" with timeout 5000ms
    9 × unexpected value "https://automationexercise.com/view_cart"
2026-03-25 09:59:25 [TestNG-test-Release 1.0 Testing for AE-1] ERROR [qa] [Test_AE10_TC23_Verify_Address_On_Checkout] io.qameta.allure.AllureLifecycle - Could not add attachment: no test is running
2026-03-25 09:59:25 [TestNG-test-Release 1.0 Testing for AE-1] ERROR [qa] [Test_AE10_TC23_Verify_Address_On_Checkout] io.qameta.allure.AllureLifecycle - Could not start step: no test case running
2026-03-25 09:59:25 [TestNG-test-Release 1.0 Testing for AE-1] ERROR [qa] [Test_AE10_TC23_Verify_Address_On_Checkout] io.qameta.allure.AllureLifecycle - Could not stop step: step with uuid 945eed63-3728-4149-9818-6c0442edb157 not found
2026-03-25 09:59:25 [TestNG-test-Release 1.0 Testing for AE-1] INFO  [qa] [Test_AE10_TC23_Verify_Address_On_Checkout] framework.listeners.TestListener - Screenshot attached: FAILURE Screenshot:
