2026-03-25 11:06:33 [TestNG-test-Release 1.0 Testing for AE-1] INFO  [qa] [Test_AE1_TC05_Verify_Existing_Email_SignUp] framework.listeners.TestListener - -----------------  STARTING TEST : Test_AE1_TC05_Verify_Existing_Email_SignUp  -----------------
2026-03-25 11:06:33 [TestNG-test-Release 1.0 Testing for AE-1] INFO  [qa] [Test_AE1_TC05_Verify_Existing_Email_SignUp] test.ae.SignupTests - Running:Step-1
2026-03-25 11:06:37 [TestNG-test-Release 1.0 Testing for AE-1] INFO  [qa] [Test_AE1_TC05_Verify_Existing_Email_SignUp] test.ae.SignupTests - Running:Step-2
2026-03-25 11:06:39 [TestNG-test-Release 1.0 Testing for AE-1] INFO  [qa] [Test_AE1_TC05_Verify_Existing_Email_SignUp] test.ae.SignupTests - Running:Step-3
2026-03-25 11:08:10 [TestNG-test-Release 1.0 Testing for AE-1] ERROR [qa] [Test_AE1_TC05_Verify_Existing_Email_SignUp] pages.ae.SignupLoginPage - Manual screenshot failed: Socket idle from a long time
2026-03-25 11:08:10 [TestNG-test-Release 1.0 Testing for AE-1] ERROR [qa] [Test_AE1_TC05_Verify_Existing_Email_SignUp] framework.listeners.TestListener - ========================================
2026-03-25 11:08:10 [TestNG-test-Release 1.0 Testing for AE-1] ERROR [qa] [Test_AE1_TC05_Verify_Existing_Email_SignUp] framework.listeners.TestListener -          ACTUAL TEST FAILURE            
2026-03-25 11:08:10 [TestNG-test-Release 1.0 Testing for AE-1] ERROR [qa] [Test_AE1_TC05_Verify_Existing_Email_SignUp] framework.listeners.TestListener - ========================================
2026-03-25 11:08:10 [TestNG-test-Release 1.0 Testing for AE-1] ERROR [qa] [Test_AE1_TC05_Verify_Existing_Email_SignUp] framework.listeners.TestListener - Test    : Test_AE1_TC05_Verify_Existing_Email_SignUp
2026-03-25 11:08:10 [TestNG-test-Release 1.0 Testing for AE-1] ERROR [qa] [Test_AE1_TC05_Verify_Existing_Email_SignUp] framework.listeners.TestListener - Cause   : PlaywrightException
2026-03-25 11:08:10 [TestNG-test-Release 1.0 Testing for AE-1] ERROR [qa] [Test_AE1_TC05_Verify_Existing_Email_SignUp] framework.listeners.TestListener - Details : 
com.microsoft.playwright.PlaywrightException: Socket idle from a long time
	at com.microsoft.playwright.impl.JsonPipe.checkIfClosed(JsonPipe.java:113)
	at com.microsoft.playwright.impl.JsonPipe.send(JsonPipe.java:44)
	at com.microsoft.playwright.impl.Connection.internalSendMessage(Connection.java:171)
	at com.microsoft.playwright.impl.Connection.sendMessageAsync(Connection.java:135)
	at com.microsoft.playwright.impl.Connection.sendMessage(Connection.java:131)
	at com.microsoft.playwright.impl.ChannelOwner.sendMessage(ChannelOwner.java:124)
	at com.microsoft.playwright.impl.FrameImpl.textContent(FrameImpl.java:776)
	at com.microsoft.playwright.impl.LocatorImpl.textContent(LocatorImpl.java:622)
	at com.microsoft.playwright.Locator.textContent(Locator.java:5370)
	at pages.ae.SignupLoginPage.verifyErrorForExistingEmailSignUp(SignupLoginPage.java:115)
	at test.ae.SignupTests.Test_AE1_TC05_Verify_Existing_Email_SignUp(SignupTests.java:123)
	at java.base/jdk.internal.reflect.NativeMethodAccessorImpl.invoke0(Native Method)
	at java.base/jdk.internal.reflect.NativeMethodAccessorImpl.invoke(NativeMethodAccessorImpl.java:77)
	at java.base/jdk.internal.reflect.DelegatingMethodAccessorImpl.invoke(DelegatingMethodAccessorImpl.java:43)
	at java.base/java.lang.reflect.Method.invoke(Method.java:569)
	at org.testng.internal.invokers.MethodInvocationHelper.invokeMethod(MethodInvocationHelper.java:141)
	at org.testng.internal.invokers.TestInvoker.invokeMethod(TestInvoker.java:697)
	at org.testng.internal.invokers.TestInvoker.invokeTestMethod(TestInvoker.java:230)
	at org.testng.internal.invokers.MethodRunner.runInSequence(MethodRunner.java:63)
	at org.testng.internal.invokers.TestInvoker$MethodInvocationAgent.invoke(TestInvoker.java:1005)
	at org.testng.internal.invokers.TestInvoker.invokeTestMethods(TestInvoker.java:203)
	at org.testng.internal.invokers.TestMethodWorker.invokeTestMethods(TestMethodWorker.java:154)
	at org.testng.internal.invokers.TestMethodWorker.run(TestMethodWorker.java:134)
	at java.base/java.util.concurrent.Executors$RunnableAdapter.call(Executors.java:539)
	at java.base/java.util.concurrent.FutureTask.run(FutureTask.java:264)
	at org.testng.internal.thread.graph.TestNGFutureTask.run(TestNGFutureTask.java:22)
	at java.base/java.util.concurrent.ThreadPoolExecutor.runWorker(ThreadPoolExecutor.java:1136)
	at java.base/java.util.concurrent.ThreadPoolExecutor$Worker.run(ThreadPoolExecutor.java:635)
	at java.base/java.lang.Thread.run(Thread.java:840)
2026-03-25 11:08:10 [TestNG-test-Release 1.0 Testing for AE-1] ERROR [qa] [Test_AE1_TC05_Verify_Existing_Email_SignUp] framework.listeners.TestListener - ==================XXXXX=================
2026-03-25 11:08:10 [TestNG-test-Release 1.0 Testing for AE-1] INFO  [qa] [Test_AE1_TC05_Verify_Existing_Email_SignUp] framework.listeners.TestListener - {TEST FAILED: Test_AE1_TC05_Verify_Existing_Email_SignUp
2026-03-25 11:08:10 [TestNG-test-Release 1.0 Testing for AE-1] ERROR [qa] [Test_AE1_TC05_Verify_Existing_Email_SignUp] framework.listeners.TestListener - Failure Reason: com.microsoft.playwright.PlaywrightException: Socket idle from a long time
2026-03-25 11:08:10 [TestNG-test-Release 1.0 Testing for AE-1] ERROR [qa] [Test_AE1_TC05_Verify_Existing_Email_SignUp] framework.listeners.TestListener - Failed to attach screenshot in listener: Socket idle from a long time
