2026-03-19 17:41:13 [TestNG-test-Release 1.0 Testing for AE-4] INFO  [qa] [Test_AE10_TC14_Verify_Place_Order_For_Customer_Registered_On_Checkout] framework.listeners.TestListener - -----------------  STARTING TEST : Test_AE10_TC14_Verify_Place_Order_For_Customer_Registered_On_Checkout  -----------------
2026-03-19 17:41:13 [TestNG-test-Release 1.0 Testing for AE-4] INFO  [qa] [Test_AE10_TC14_Verify_Place_Order_For_Customer_Registered_On_Checkout] test.ae.PlaceOrderTests - Running:Step-1
2026-03-19 17:41:16 [TestNG-test-Release 1.0 Testing for AE-4] INFO  [qa] [Test_AE10_TC14_Verify_Place_Order_For_Customer_Registered_On_Checkout] test.ae.PlaceOrderTests - Running:Step-2
2026-03-19 17:41:17 [TestNG-test-Release 1.0 Testing for AE-4] INFO  [qa] [Test_AE10_TC14_Verify_Place_Order_For_Customer_Registered_On_Checkout] pages.ae.HomePage - Navigating to Products
2026-03-19 17:41:20 [TestNG-test-Release 1.0 Testing for AE-4] INFO  [qa] [Test_AE10_TC14_Verify_Place_Order_For_Customer_Registered_On_Checkout] pages.ae.ProductsPage - 
---------------------------------------------------
Product 1 Added To Cart
Name  : Blue Top
Price : 500
------------------------xxxx-----------------------

2026-03-19 17:41:24 [TestNG-test-Release 1.0 Testing for AE-4] INFO  [qa] [Test_AE10_TC14_Verify_Place_Order_For_Customer_Registered_On_Checkout] pages.ae.ProductsPage - 
---------------------------------------------------
Product 2 Added To Cart
Name  : Men Tshirt
Price : 400
------------------------xxxx-----------------------

2026-03-19 17:41:24 [TestNG-test-Release 1.0 Testing for AE-4] INFO  [qa] [Test_AE10_TC14_Verify_Place_Order_For_Customer_Registered_On_Checkout] test.ae.PlaceOrderTests - Running:Step-3
2026-03-19 17:41:25 [TestNG-test-Release 1.0 Testing for AE-4] INFO  [qa] [Test_AE10_TC14_Verify_Place_Order_For_Customer_Registered_On_Checkout] pages.ae.HomePage - Navigating to Cart
2026-03-19 17:41:26 [TestNG-test-Release 1.0 Testing for AE-4] INFO  [qa] [Test_AE10_TC14_Verify_Place_Order_For_Customer_Registered_On_Checkout] test.ae.PlaceOrderTests - Running:Step-4
2026-03-19 17:41:37 [TestNG-test-Release 1.0 Testing for AE-4] INFO  [qa] [Test_AE10_TC14_Verify_Place_Order_For_Customer_Registered_On_Checkout] pages.ae.SignupDetailPage - Checkbox: 'Newsletter' is set to: false
2026-03-19 17:41:37 [TestNG-test-Release 1.0 Testing for AE-4] INFO  [qa] [Test_AE10_TC14_Verify_Place_Order_For_Customer_Registered_On_Checkout] pages.ae.SignupDetailPage - Checkbox: 'Special Offers' is set to: false
2026-03-19 17:41:37 [TestNG-test-Release 1.0 Testing for AE-4] ERROR [qa] [Test_AE10_TC14_Verify_Place_Order_For_Customer_Registered_On_Checkout] io.qameta.allure.util.NamingUtils - Could not process empty pattern
2026-03-19 17:41:37 [TestNG-test-Release 1.0 Testing for AE-4] ERROR [qa] [Test_AE10_TC14_Verify_Place_Order_For_Customer_Registered_On_Checkout] io.qameta.allure.util.NamingUtils - Could not process empty pattern
2026-03-19 17:41:45 [TestNG-test-Release 1.0 Testing for AE-4] ERROR [qa] [Test_AE10_TC14_Verify_Place_Order_For_Customer_Registered_On_Checkout] io.qameta.allure.util.NamingUtils - Could not find parameter zipcpde
2026-03-19 17:41:50 [TestNG-test-Release 1.0 Testing for AE-4] INFO  [qa] [Test_AE10_TC14_Verify_Place_Order_For_Customer_Registered_On_Checkout] test.ae.PlaceOrderTests - Running:Step-5
2026-03-19 17:41:51 [TestNG-test-Release 1.0 Testing for AE-4] INFO  [qa] [Test_AE10_TC14_Verify_Place_Order_For_Customer_Registered_On_Checkout] pages.ae.HomePage - Navigating to Cart
2026-03-19 17:41:52 [TestNG-test-Release 1.0 Testing for AE-4] INFO  [qa] [Test_AE10_TC14_Verify_Place_Order_For_Customer_Registered_On_Checkout] test.ae.PlaceOrderTests - Running:Step-6.1
2026-03-19 17:41:52 [TestNG-test-Release 1.0 Testing for AE-4] INFO  [qa] [Test_AE10_TC14_Verify_Place_Order_For_Customer_Registered_On_Checkout] pages.ae.CheckOutPage - 
-------------------------------------------------------------------------
               DELIVERY ADDRESS ON CHECKOUT
-------------------------------------------------------------------------
Title Fullname  : Mr. Miesha Goodwin
Company Name    : Sipes Group
Address Line1   : 29387 Jeramy Via
Address Line2   : Apt. 205
Address Line3   : Linwoodstad Wyoming 050820
Country         : Australia
Phone           : 5578270454
-------------------------------------------------------------------------

2026-03-19 17:41:53 [TestNG-test-Release 1.0 Testing for AE-4] INFO  [qa] [Test_AE10_TC14_Verify_Place_Order_For_Customer_Registered_On_Checkout] pages.ae.CheckOutPage - 
-------------------------------------------------------------------------
               INVOICE ADDRESS ON CHECKOUT
-------------------------------------------------------------------------
Title Fullname  : Mr. Miesha Goodwin
Company Name    : Sipes Group
Address Line1   : 29387 Jeramy Via
Address Line2   : Apt. 205
Address Line3   : Linwoodstad Wyoming 050820
Country         : Australia
Phone           : 5578270454
--------------------------------------------------------------------------

2026-03-19 17:41:53 [TestNG-test-Release 1.0 Testing for AE-4] INFO  [qa] [Test_AE10_TC14_Verify_Place_Order_For_Customer_Registered_On_Checkout] test.ae.PlaceOrderTests - Running:Step-6.2
2026-03-19 17:41:53 [TestNG-test-Release 1.0 Testing for AE-4] INFO  [qa] [Test_AE10_TC14_Verify_Place_Order_For_Customer_Registered_On_Checkout] pages.ae.CheckOutPage - 
				PRODUCT-1 DETAILS FROM CART
---------------------------------------------------
Name        : Blue Top
Category    : Women
SubCategory : Tops
Price       : 500
Quantity    : 1
Total       : 500
----------------------------------------------------


2026-03-19 17:41:53 [TestNG-test-Release 1.0 Testing for AE-4] INFO  [qa] [Test_AE10_TC14_Verify_Place_Order_For_Customer_Registered_On_Checkout] pages.ae.CheckOutPage - 
				PRODUCT-2 DETAILS FROM CART
---------------------------------------------------
Name        : Men Tshirt
Category    : Men
SubCategory : Tshirts
Price       : 400
Quantity    : 1
Total       : 400
----------------------------------------------------


2026-03-19 17:41:53 [TestNG-test-Release 1.0 Testing for AE-4] INFO  [qa] [Test_AE10_TC14_Verify_Place_Order_For_Customer_Registered_On_Checkout] pages.ae.CheckOutPage - 
				CART SUMMARY
---------------------------------------------------
Total of <2> Product/s are Added To Cart
Cart Total Price is '900'
----------------------------------------------------


2026-03-19 17:41:53 [TestNG-test-Release 1.0 Testing for AE-4] INFO  [qa] [Test_AE10_TC14_Verify_Place_Order_For_Customer_Registered_On_Checkout] test.ae.PlaceOrderTests - The expected cart total: 900
2026-03-19 17:41:53 [TestNG-test-Release 1.0 Testing for AE-4] INFO  [qa] [Test_AE10_TC14_Verify_Place_Order_For_Customer_Registered_On_Checkout] test.ae.PlaceOrderTests - Running:Step-7
2026-03-19 17:41:55 [TestNG-test-Release 1.0 Testing for AE-4] INFO  [qa] [Test_AE10_TC14_Verify_Place_Order_For_Customer_Registered_On_Checkout] test.ae.PlaceOrderTests - Running:Step-8
2026-03-19 17:42:01 [TestNG-test-Release 1.0 Testing for AE-4] INFO  [qa] [Test_AE10_TC14_Verify_Place_Order_For_Customer_Registered_On_Checkout] test.ae.PlaceOrderTests - Running:Step-9
2026-03-19 17:42:03 [TestNG-test-Release 1.0 Testing for AE-4] INFO  [qa] [Test_AE10_TC14_Verify_Place_Order_For_Customer_Registered_On_Checkout] test.ae.PlaceOrderTests - Running:Step-10
2026-03-19 17:42:03 [TestNG-test-Release 1.0 Testing for AE-4] INFO  [qa] [Test_AE10_TC14_Verify_Place_Order_For_Customer_Registered_On_Checkout] test.ae.PlaceOrderTests - Running:Step-11 >>>> Cleanup
2026-03-19 17:42:05 [TestNG-test-Release 1.0 Testing for AE-4] INFO  [qa] [Test_AE10_TC14_Verify_Place_Order_For_Customer_Registered_On_Checkout] framework.listeners.TestListener - {TEST PASSED: Test_AE10_TC14_Verify_Place_Order_For_Customer_Registered_On_Checkout
2026-03-19 17:42:07 [TestNG-test-Release 1.0 Testing for AE-4] ERROR [qa] [Test_AE10_TC14_Verify_Place_Order_For_Customer_Registered_On_Checkout] io.qameta.allure.AllureLifecycle - Could not add attachment: no test is running
2026-03-19 17:42:07 [TestNG-test-Release 1.0 Testing for AE-4] INFO  [qa] [Test_AE10_TC14_Verify_Place_Order_For_Customer_Registered_On_Checkout] framework.listeners.TestListener - Screenshot attached: PASSED Screenshot:
