2026-03-26 11:54:36 [TestNG-tests-3] INFO  [qa] [Test_AE1_TC01_Verify_New_User_SignUp_edge_30] framework.listeners.TestListener - --- STARTING TEST : SignupTests#Test_AE1_TC01_Verify_New_User_SignUp on edge [thread-30] ---
2026-03-26 11:54:36 [TestNG-tests-3] INFO  [qa] [Test_AE1_TC01_Verify_New_User_SignUp_edge_30] test.ae.SignupTests - Running:Step-1
2026-03-26 11:54:40 [TestNG-tests-3] INFO  [qa] [Test_AE1_TC01_Verify_New_User_SignUp_edge_30] test.ae.SignupTests - Running:Step-2
2026-03-26 11:54:42 [TestNG-tests-3] INFO  [qa] [Test_AE1_TC01_Verify_New_User_SignUp_edge_30] test.ae.SignupTests - Running:Step-3
2026-03-26 11:54:44 [TestNG-tests-3] INFO  [qa] [Test_AE1_TC01_Verify_New_User_SignUp_edge_30] test.ae.SignupTests - Running:Step-4
2026-03-26 11:54:44 [TestNG-tests-3] INFO  [qa] [Test_AE1_TC01_Verify_New_User_SignUp_edge_30] pages.ae.SignupDetailPage - Checkbox: 'Newsletter' is set to: true
2026-03-26 11:54:45 [TestNG-tests-3] INFO  [qa] [Test_AE1_TC01_Verify_New_User_SignUp_edge_30] pages.ae.SignupDetailPage - Checkbox: 'Special Offers' is set to: false
2026-03-26 11:54:45 [TestNG-tests-3] INFO  [qa] [Test_AE1_TC01_Verify_New_User_SignUp_edge_30] test.ae.SignupTests - Running:Step-5
2026-03-26 11:54:45 [TestNG-tests-3] ERROR [qa] [Test_AE1_TC01_Verify_New_User_SignUp_edge_30] io.qameta.allure.util.NamingUtils - Could not process empty pattern
2026-03-26 11:54:45 [TestNG-tests-3] ERROR [qa] [Test_AE1_TC01_Verify_New_User_SignUp_edge_30] io.qameta.allure.util.NamingUtils - Could not process empty pattern
2026-03-26 11:54:46 [TestNG-tests-3] ERROR [qa] [Test_AE1_TC01_Verify_New_User_SignUp_edge_30] io.qameta.allure.util.NamingUtils - Could not find parameter zipcpde
2026-03-26 11:54:46 [TestNG-tests-3] INFO  [qa] [Test_AE1_TC01_Verify_New_User_SignUp_edge_30] pages.ae.SignupDetailPage - Checkbox: 'Special Offers' is set to: false
2026-03-26 11:54:47 [TestNG-tests-3] INFO  [qa] [Test_AE1_TC01_Verify_New_User_SignUp_edge_30] test.ae.SignupTests - Running:Step-6
2026-03-26 11:54:53 [TestNG-tests-3] INFO  [qa] [Test_AE1_TC01_Verify_New_User_SignUp_edge_30] framework.listeners.TestListener - TEST PASSED: Test_AE1_TC01_Verify_New_User_SignUp
2026-03-26 11:54:55 [TestNG-tests-3] ERROR [qa] [Test_AE1_TC01_Verify_New_User_SignUp_edge_30] io.qameta.allure.AllureLifecycle - Could not add attachment: no test is running
2026-03-26 11:54:55 [TestNG-tests-3] INFO  [qa] [Test_AE1_TC01_Verify_New_User_SignUp_edge_30] framework.listeners.TestListener - Screenshot attached: PASSED Screenshot:
2026-03-26 11:55:00 [TestNG-tests-3] INFO  [qa] [Test_AE1_TC01_Verify_New_User_SignUp_edge_30] test.ae.SignupTests - Trace stopped for: Test_AE1_TC01_Verify_New_User_SignUp
2026-03-26 11:55:00 [TestNG-tests-3] INFO  [qa] [Test_AE1_TC01_Verify_New_User_SignUp_edge_30] test.ae.SignupTests - BS status marked: passed — response: 200
2026-03-26 11:55:00 [TestNG-tests-3] INFO  [qa] [Test_AE1_TC01_Verify_New_User_SignUp_edge_30] framework.drivers.DriverManager - Browser closed successfully.
2026-03-26 11:55:00 [TestNG-tests-3] WARN  [qa] [Test_AE1_TC01_Verify_New_User_SignUp_edge_30] framework.drivers.DriverManager - Could not annotate BrowserStack session: Browser has been closed
2026-03-26 11:55:00 [TestNG-tests-3] INFO  [qa] [Test_AE1_TC01_Verify_New_User_SignUp_edge_30] test.ae.SignupTests - Driver shutdown successful.
2026-03-26 11:55:00 [TestNG-tests-3] INFO  [qa] [Test_AE1_TC01_Verify_New_User_SignUp_edge_30] reporting.ReportManager - ✅ Attachment added to Allure: 🎭 Playwright Trace — Test_AE1_TC01_Verify_New_User_SignUp
2026-03-26 11:55:00 [TestNG-tests-3] INFO  [qa] [Test_AE1_TC01_Verify_New_User_SignUp_edge_30] test.ae.SignupTests - Trace attached for: Test_AE1_TC01_Verify_New_User_SignUp
2026-03-26 11:55:00 [TestNG-tests-3] INFO  [qa] [Test_AE1_TC01_Verify_New_User_SignUp_edge_30] test.ae.SignupTests - trace temp file deleted from disk.
