2026-03-26 11:54:39 [TestNG-tests-2] INFO  [qa] [Test_AE1_TC01_Verify_New_User_SignUp_firefox_29] framework.listeners.TestListener - --- STARTING TEST : SignupTests#Test_AE1_TC01_Verify_New_User_SignUp on firefox [thread-29] ---
2026-03-26 11:54:39 [TestNG-tests-2] INFO  [qa] [Test_AE1_TC01_Verify_New_User_SignUp_firefox_29] test.ae.SignupTests - Running:Step-1
2026-03-26 11:54:43 [TestNG-tests-2] INFO  [qa] [Test_AE1_TC01_Verify_New_User_SignUp_firefox_29] test.ae.SignupTests - Running:Step-2
2026-03-26 11:54:46 [TestNG-tests-2] INFO  [qa] [Test_AE1_TC01_Verify_New_User_SignUp_firefox_29] test.ae.SignupTests - Running:Step-3
2026-03-26 11:54:48 [TestNG-tests-2] INFO  [qa] [Test_AE1_TC01_Verify_New_User_SignUp_firefox_29] test.ae.SignupTests - Running:Step-4
2026-03-26 11:54:49 [TestNG-tests-2] INFO  [qa] [Test_AE1_TC01_Verify_New_User_SignUp_firefox_29] pages.ae.SignupDetailPage - Checkbox: 'Newsletter' is set to: true
2026-03-26 11:54:50 [TestNG-tests-2] INFO  [qa] [Test_AE1_TC01_Verify_New_User_SignUp_firefox_29] pages.ae.SignupDetailPage - Checkbox: 'Special Offers' is set to: false
2026-03-26 11:54:50 [TestNG-tests-2] INFO  [qa] [Test_AE1_TC01_Verify_New_User_SignUp_firefox_29] test.ae.SignupTests - Running:Step-5
2026-03-26 11:54:50 [TestNG-tests-2] ERROR [qa] [Test_AE1_TC01_Verify_New_User_SignUp_firefox_29] io.qameta.allure.util.NamingUtils - Could not process empty pattern
2026-03-26 11:54:50 [TestNG-tests-2] ERROR [qa] [Test_AE1_TC01_Verify_New_User_SignUp_firefox_29] io.qameta.allure.util.NamingUtils - Could not process empty pattern
2026-03-26 11:54:51 [TestNG-tests-2] ERROR [qa] [Test_AE1_TC01_Verify_New_User_SignUp_firefox_29] io.qameta.allure.util.NamingUtils - Could not find parameter zipcpde
2026-03-26 11:54:51 [TestNG-tests-2] INFO  [qa] [Test_AE1_TC01_Verify_New_User_SignUp_firefox_29] pages.ae.SignupDetailPage - Checkbox: 'Special Offers' is set to: false
2026-03-26 11:54:52 [TestNG-tests-2] INFO  [qa] [Test_AE1_TC01_Verify_New_User_SignUp_firefox_29] test.ae.SignupTests - Running:Step-6
2026-03-26 11:55:01 [TestNG-tests-2] INFO  [qa] [Test_AE1_TC01_Verify_New_User_SignUp_firefox_29] framework.listeners.TestListener - TEST PASSED: Test_AE1_TC01_Verify_New_User_SignUp
2026-03-26 11:55:07 [TestNG-tests-2] ERROR [qa] [Test_AE1_TC01_Verify_New_User_SignUp_firefox_29] io.qameta.allure.AllureLifecycle - Could not add attachment: no test is running
2026-03-26 11:55:07 [TestNG-tests-2] INFO  [qa] [Test_AE1_TC01_Verify_New_User_SignUp_firefox_29] framework.listeners.TestListener - Screenshot attached: PASSED Screenshot:
2026-03-26 11:55:14 [TestNG-tests-2] INFO  [qa] [Test_AE1_TC01_Verify_New_User_SignUp_firefox_29] test.ae.SignupTests - Trace stopped for: Test_AE1_TC01_Verify_New_User_SignUp
2026-03-26 11:55:14 [TestNG-tests-2] INFO  [qa] [Test_AE1_TC01_Verify_New_User_SignUp_firefox_29] test.ae.SignupTests - BS status marked: passed — response: 200
2026-03-26 11:55:14 [TestNG-tests-2] INFO  [qa] [Test_AE1_TC01_Verify_New_User_SignUp_firefox_29] framework.drivers.DriverManager - Browser closed successfully.
2026-03-26 11:55:14 [TestNG-tests-2] WARN  [qa] [Test_AE1_TC01_Verify_New_User_SignUp_firefox_29] framework.drivers.DriverManager - Could not annotate BrowserStack session: Browser has been closed
2026-03-26 11:55:14 [TestNG-tests-2] INFO  [qa] [Test_AE1_TC01_Verify_New_User_SignUp_firefox_29] test.ae.SignupTests - Driver shutdown successful.
2026-03-26 11:55:14 [TestNG-tests-2] INFO  [qa] [Test_AE1_TC01_Verify_New_User_SignUp_firefox_29] reporting.ReportManager - ✅ Attachment added to Allure: 🎭 Playwright Trace — Test_AE1_TC01_Verify_New_User_SignUp
2026-03-26 11:55:14 [TestNG-tests-2] INFO  [qa] [Test_AE1_TC01_Verify_New_User_SignUp_firefox_29] test.ae.SignupTests - Trace attached for: Test_AE1_TC01_Verify_New_User_SignUp
2026-03-26 11:55:14 [TestNG-tests-2] INFO  [qa] [Test_AE1_TC01_Verify_New_User_SignUp_firefox_29] test.ae.SignupTests - trace temp file deleted from disk.
