2026-03-19 19:52:04 [TestNG-test-Release 1.0 Testing for AE-4] INFO  [qa] [Test_AE10_TC15_Verify_Place_Order_For_Customer_Registered_Before_Checkout] framework.listeners.TestListener - -----------------  STARTING TEST : Test_AE10_TC15_Verify_Place_Order_For_Customer_Registered_Before_Checkout  -----------------
2026-03-19 19:52:04 [TestNG-test-Release 1.0 Testing for AE-4] INFO  [qa] [Test_AE10_TC15_Verify_Place_Order_For_Customer_Registered_Before_Checkout] test.ae.PlaceOrderTests - Running:Step-1
2026-03-19 19:52:05 [TestNG-test-Release 1.0 Testing for AE-4] INFO  [qa] [Test_AE10_TC15_Verify_Place_Order_For_Customer_Registered_Before_Checkout] test.ae.PlaceOrderTests - Running:Step-2
2026-03-19 19:52:15 [TestNG-test-Release 1.0 Testing for AE-4] INFO  [qa] [Test_AE10_TC15_Verify_Place_Order_For_Customer_Registered_Before_Checkout] pages.ae.SignupDetailPage - Checkbox: 'Newsletter' is set to: false
2026-03-19 19:52:16 [TestNG-test-Release 1.0 Testing for AE-4] INFO  [qa] [Test_AE10_TC15_Verify_Place_Order_For_Customer_Registered_Before_Checkout] pages.ae.SignupDetailPage - Checkbox: 'Special Offers' is set to: true
2026-03-19 19:52:16 [TestNG-test-Release 1.0 Testing for AE-4] ERROR [qa] [Test_AE10_TC15_Verify_Place_Order_For_Customer_Registered_Before_Checkout] io.qameta.allure.util.NamingUtils - Could not process empty pattern
2026-03-19 19:52:16 [TestNG-test-Release 1.0 Testing for AE-4] ERROR [qa] [Test_AE10_TC15_Verify_Place_Order_For_Customer_Registered_Before_Checkout] io.qameta.allure.util.NamingUtils - Could not process empty pattern
2026-03-19 19:52:24 [TestNG-test-Release 1.0 Testing for AE-4] ERROR [qa] [Test_AE10_TC15_Verify_Place_Order_For_Customer_Registered_Before_Checkout] io.qameta.allure.util.NamingUtils - Could not find parameter zipcpde
2026-03-19 19:52:29 [TestNG-test-Release 1.0 Testing for AE-4] INFO  [qa] [Test_AE10_TC15_Verify_Place_Order_For_Customer_Registered_Before_Checkout] test.ae.PlaceOrderTests - Running:Step-3
2026-03-19 19:52:30 [TestNG-test-Release 1.0 Testing for AE-4] INFO  [qa] [Test_AE10_TC15_Verify_Place_Order_For_Customer_Registered_Before_Checkout] pages.ae.HomePage - Navigating to Products
2026-03-19 19:52:30 [TestNG-test-Release 1.0 Testing for AE-4] WARN  [qa] [Test_AE10_TC15_Verify_Place_Order_For_Customer_Registered_Before_Checkout] pages.ae.ProductsPage - Multiple matching products found for - Sleeveless, hence choosing the first match found.
2026-03-19 19:52:33 [TestNG-test-Release 1.0 Testing for AE-4] INFO  [qa] [Test_AE10_TC15_Verify_Place_Order_For_Customer_Registered_Before_Checkout] pages.ae.ProductsPage - 
---------------------------------------------------
Product 1 Added To Cart
Name  : Sleeveless Dress
Price : 1000
------------------------xxxx-----------------------

2026-03-19 19:52:33 [TestNG-test-Release 1.0 Testing for AE-4] WARN  [qa] [Test_AE10_TC15_Verify_Place_Order_For_Customer_Registered_Before_Checkout] pages.ae.ProductsPage - Multiple matching products found for - Unicorn, hence choosing the first match found.
2026-03-19 19:52:37 [TestNG-test-Release 1.0 Testing for AE-4] INFO  [qa] [Test_AE10_TC15_Verify_Place_Order_For_Customer_Registered_Before_Checkout] pages.ae.ProductsPage - 
---------------------------------------------------
Product 2 Added To Cart
Name  : Sleeveless Unicorn Patch Gown - Pink
Price : 1050
------------------------xxxx-----------------------

2026-03-19 19:52:40 [TestNG-test-Release 1.0 Testing for AE-4] INFO  [qa] [Test_AE10_TC15_Verify_Place_Order_For_Customer_Registered_Before_Checkout] pages.ae.ProductsPage - 
---------------------------------------------------
Product 3 Added To Cart
Name  : Winter Top
Price : 600
------------------------xxxx-----------------------

2026-03-19 19:52:43 [TestNG-test-Release 1.0 Testing for AE-4] INFO  [qa] [Test_AE10_TC15_Verify_Place_Order_For_Customer_Registered_Before_Checkout] pages.ae.ProductsPage - 
---------------------------------------------------
Product 4 Added To Cart
Name  : Little Girls Mr. Panda Shirt
Price : 1200
------------------------xxxx-----------------------

2026-03-19 19:52:43 [TestNG-test-Release 1.0 Testing for AE-4] INFO  [qa] [Test_AE10_TC15_Verify_Place_Order_For_Customer_Registered_Before_Checkout] test.ae.PlaceOrderTests - Running:Step-4
2026-03-19 19:52:45 [TestNG-test-Release 1.0 Testing for AE-4] INFO  [qa] [Test_AE10_TC15_Verify_Place_Order_For_Customer_Registered_Before_Checkout] pages.ae.HomePage - Navigating to Cart
2026-03-19 19:52:46 [TestNG-test-Release 1.0 Testing for AE-4] INFO  [qa] [Test_AE10_TC15_Verify_Place_Order_For_Customer_Registered_Before_Checkout] test.ae.PlaceOrderTests - Running:Step-5.1
2026-03-19 19:52:46 [TestNG-test-Release 1.0 Testing for AE-4] INFO  [qa] [Test_AE10_TC15_Verify_Place_Order_For_Customer_Registered_Before_Checkout] pages.ae.CheckOutPage - 
-------------------------------------------------------------------------
               DELIVERY ADDRESS ON CHECKOUT
-------------------------------------------------------------------------
Title Fullname  : Mrs. Rueben Gleichner
Company Name    : Paucek-Powlowski
Address Line1   : 143 Emilee Ridge
Address Line2   : Apt. 037
Address Line3   : West Guillermomouth Arizona 850911
Country         : India
Phone           : 3576365423
-------------------------------------------------------------------------

2026-03-19 19:52:46 [TestNG-test-Release 1.0 Testing for AE-4] INFO  [qa] [Test_AE10_TC15_Verify_Place_Order_For_Customer_Registered_Before_Checkout] pages.ae.CheckOutPage - 
-------------------------------------------------------------------------
               INVOICE ADDRESS ON CHECKOUT
-------------------------------------------------------------------------
Title Fullname  : Mrs. Rueben Gleichner
Company Name    : Paucek-Powlowski
Address Line1   : 143 Emilee Ridge
Address Line2   : Apt. 037
Address Line3   : West Guillermomouth Arizona 850911
Country         : India
Phone           : 3576365423
--------------------------------------------------------------------------

2026-03-19 19:52:46 [TestNG-test-Release 1.0 Testing for AE-4] INFO  [qa] [Test_AE10_TC15_Verify_Place_Order_For_Customer_Registered_Before_Checkout] test.ae.PlaceOrderTests - Running:Step-5.2
2026-03-19 19:52:46 [TestNG-test-Release 1.0 Testing for AE-4] INFO  [qa] [Test_AE10_TC15_Verify_Place_Order_For_Customer_Registered_Before_Checkout] pages.ae.CheckOutPage - 
				PRODUCT-1 DETAILS FROM CART
---------------------------------------------------
Name        : Sleeveless Dress
Category    : Women
SubCategory : Dress
Price       : 1000
Quantity    : 1
Total       : 1000
----------------------------------------------------


2026-03-19 19:52:46 [TestNG-test-Release 1.0 Testing for AE-4] INFO  [qa] [Test_AE10_TC15_Verify_Place_Order_For_Customer_Registered_Before_Checkout] pages.ae.CheckOutPage - 
				PRODUCT-2 DETAILS FROM CART
---------------------------------------------------
Name        : Sleeveless Unicorn Patch Gown - Pink
Category    : Kids
SubCategory : Dress
Price       : 1050
Quantity    : 1
Total       : 1050
----------------------------------------------------


2026-03-19 19:52:47 [TestNG-test-Release 1.0 Testing for AE-4] INFO  [qa] [Test_AE10_TC15_Verify_Place_Order_For_Customer_Registered_Before_Checkout] pages.ae.CheckOutPage - 
				PRODUCT-3 DETAILS FROM CART
---------------------------------------------------
Name        : Winter Top
Category    : Women
SubCategory : Tops
Price       : 600
Quantity    : 1
Total       : 600
----------------------------------------------------


2026-03-19 19:52:47 [TestNG-test-Release 1.0 Testing for AE-4] INFO  [qa] [Test_AE10_TC15_Verify_Place_Order_For_Customer_Registered_Before_Checkout] pages.ae.CheckOutPage - 
				PRODUCT-4 DETAILS FROM CART
---------------------------------------------------
Name        : Little Girls Mr. Panda Shirt
Category    : Kids
SubCategory : Tops & Shirts
Price       : 1200
Quantity    : 1
Total       : 1200
----------------------------------------------------


2026-03-19 19:52:47 [TestNG-test-Release 1.0 Testing for AE-4] INFO  [qa] [Test_AE10_TC15_Verify_Place_Order_For_Customer_Registered_Before_Checkout] pages.ae.CheckOutPage - 
				CART SUMMARY
---------------------------------------------------
Total of <4> Product/s are Added To Cart
Cart Total Price is '3850'
----------------------------------------------------


2026-03-19 19:52:47 [TestNG-test-Release 1.0 Testing for AE-4] INFO  [qa] [Test_AE10_TC15_Verify_Place_Order_For_Customer_Registered_Before_Checkout] test.ae.PlaceOrderTests - The expected cart total: 3850
2026-03-19 19:52:47 [TestNG-test-Release 1.0 Testing for AE-4] INFO  [qa] [Test_AE10_TC15_Verify_Place_Order_For_Customer_Registered_Before_Checkout] test.ae.PlaceOrderTests - Running:Step-7
2026-03-19 19:52:49 [TestNG-test-Release 1.0 Testing for AE-4] INFO  [qa] [Test_AE10_TC15_Verify_Place_Order_For_Customer_Registered_Before_Checkout] test.ae.PlaceOrderTests - Running:Step-8
2026-03-19 19:52:54 [TestNG-test-Release 1.0 Testing for AE-4] INFO  [qa] [Test_AE10_TC15_Verify_Place_Order_For_Customer_Registered_Before_Checkout] test.ae.PlaceOrderTests - Running:Step-9
2026-03-19 19:52:56 [TestNG-test-Release 1.0 Testing for AE-4] INFO  [qa] [Test_AE10_TC15_Verify_Place_Order_For_Customer_Registered_Before_Checkout] test.ae.PlaceOrderTests - Running:Step-10
2026-03-19 19:52:56 [TestNG-test-Release 1.0 Testing for AE-4] INFO  [qa] [Test_AE10_TC15_Verify_Place_Order_For_Customer_Registered_Before_Checkout] test.ae.PlaceOrderTests - Running:Step-11 >>>> Cleanup
2026-03-19 19:52:59 [TestNG-test-Release 1.0 Testing for AE-4] INFO  [qa] [Test_AE10_TC15_Verify_Place_Order_For_Customer_Registered_Before_Checkout] framework.listeners.TestListener - {TEST PASSED: Test_AE10_TC15_Verify_Place_Order_For_Customer_Registered_Before_Checkout
2026-03-19 19:53:00 [TestNG-test-Release 1.0 Testing for AE-4] ERROR [qa] [Test_AE10_TC15_Verify_Place_Order_For_Customer_Registered_Before_Checkout] io.qameta.allure.AllureLifecycle - Could not add attachment: no test is running
2026-03-19 19:53:00 [TestNG-test-Release 1.0 Testing for AE-4] INFO  [qa] [Test_AE10_TC15_Verify_Place_Order_For_Customer_Registered_Before_Checkout] framework.listeners.TestListener - Screenshot attached: PASSED Screenshot:
