2026-03-19 19:09:38 [TestNG-test-Release 1.0 Testing for AE-4] INFO  [qa] [Test_AE10_TC23_Verify_Address_On_Checkout] framework.listeners.TestListener - -----------------  STARTING TEST : Test_AE10_TC23_Verify_Address_On_Checkout  -----------------
2026-03-19 19:09:38 [TestNG-test-Release 1.0 Testing for AE-4] INFO  [qa] [Test_AE10_TC23_Verify_Address_On_Checkout] test.ae.PlaceOrderTests - Running:Step-1
2026-03-19 19:09:39 [TestNG-test-Release 1.0 Testing for AE-4] INFO  [qa] [Test_AE10_TC23_Verify_Address_On_Checkout] test.ae.PlaceOrderTests - Running:Step-2
2026-03-19 19:09:50 [TestNG-test-Release 1.0 Testing for AE-4] INFO  [qa] [Test_AE10_TC23_Verify_Address_On_Checkout] pages.ae.SignupDetailPage - Checkbox: 'Newsletter' is set to: true
2026-03-19 19:09:50 [TestNG-test-Release 1.0 Testing for AE-4] INFO  [qa] [Test_AE10_TC23_Verify_Address_On_Checkout] pages.ae.SignupDetailPage - Checkbox: 'Special Offers' is set to: false
2026-03-19 19:09:50 [TestNG-test-Release 1.0 Testing for AE-4] ERROR [qa] [Test_AE10_TC23_Verify_Address_On_Checkout] io.qameta.allure.util.NamingUtils - Could not process empty pattern
2026-03-19 19:09:50 [TestNG-test-Release 1.0 Testing for AE-4] ERROR [qa] [Test_AE10_TC23_Verify_Address_On_Checkout] io.qameta.allure.util.NamingUtils - Could not process empty pattern
2026-03-19 19:09:58 [TestNG-test-Release 1.0 Testing for AE-4] ERROR [qa] [Test_AE10_TC23_Verify_Address_On_Checkout] io.qameta.allure.util.NamingUtils - Could not find parameter zipcpde
2026-03-19 19:10:03 [TestNG-test-Release 1.0 Testing for AE-4] INFO  [qa] [Test_AE10_TC23_Verify_Address_On_Checkout] test.ae.PlaceOrderTests - Running:Step-3
2026-03-19 19:10:04 [TestNG-test-Release 1.0 Testing for AE-4] INFO  [qa] [Test_AE10_TC23_Verify_Address_On_Checkout] pages.ae.HomePage - Navigating to Products
2026-03-19 19:10:08 [TestNG-test-Release 1.0 Testing for AE-4] INFO  [qa] [Test_AE10_TC23_Verify_Address_On_Checkout] pages.ae.ProductsPage - 
---------------------------------------------------
Product 1 Added To Cart
Name  : Blue Top
Price : 500
------------------------xxxx-----------------------

2026-03-19 19:10:11 [TestNG-test-Release 1.0 Testing for AE-4] INFO  [qa] [Test_AE10_TC23_Verify_Address_On_Checkout] pages.ae.ProductsPage - 
---------------------------------------------------
Product 2 Added To Cart
Name  : Men Tshirt
Price : 400
------------------------xxxx-----------------------

2026-03-19 19:10:11 [TestNG-test-Release 1.0 Testing for AE-4] INFO  [qa] [Test_AE10_TC23_Verify_Address_On_Checkout] test.ae.PlaceOrderTests - Running:Step-4
2026-03-19 19:10:12 [TestNG-test-Release 1.0 Testing for AE-4] INFO  [qa] [Test_AE10_TC23_Verify_Address_On_Checkout] pages.ae.HomePage - Navigating to Cart
2026-03-19 19:10:13 [TestNG-test-Release 1.0 Testing for AE-4] INFO  [qa] [Test_AE10_TC23_Verify_Address_On_Checkout] test.ae.PlaceOrderTests - Running:Step-5
2026-03-19 19:10:13 [TestNG-test-Release 1.0 Testing for AE-4] INFO  [qa] [Test_AE10_TC23_Verify_Address_On_Checkout] pages.ae.CheckOutPage - 
-------------------------------------------------------------------------
               DELIVERY ADDRESS ON CHECKOUT
-------------------------------------------------------------------------
Title Fullname  : Mrs. Lisbeth Bogan
Company Name    : Veum, Abernathy and Gorczany
Address Line1   : 612 Bauch Common
Address Line2   : Suite 874
Address Line3   : New Brantville Colorado 555307
Country         : Canada
Phone           : 5286744571
-------------------------------------------------------------------------

2026-03-19 19:10:14 [TestNG-test-Release 1.0 Testing for AE-4] INFO  [qa] [Test_AE10_TC23_Verify_Address_On_Checkout] pages.ae.CheckOutPage - 
-------------------------------------------------------------------------
               INVOICE ADDRESS ON CHECKOUT
-------------------------------------------------------------------------
Title Fullname  : Mrs. Lisbeth Bogan
Company Name    : Veum, Abernathy and Gorczany
Address Line1   : 612 Bauch Common
Address Line2   : Suite 874
Address Line3   : New Brantville Colorado 555307
Country         : Canada
Phone           : 5286744571
--------------------------------------------------------------------------

2026-03-19 19:10:14 [TestNG-test-Release 1.0 Testing for AE-4] INFO  [qa] [Test_AE10_TC23_Verify_Address_On_Checkout] test.ae.PlaceOrderTests - Running:Step-7
2026-03-19 19:10:14 [TestNG-test-Release 1.0 Testing for AE-4] INFO  [qa] [Test_AE10_TC23_Verify_Address_On_Checkout] test.ae.PlaceOrderTests - Running:Step-8 >>>> Cleanup
2026-03-19 19:10:16 [TestNG-test-Release 1.0 Testing for AE-4] INFO  [qa] [Test_AE10_TC23_Verify_Address_On_Checkout] framework.listeners.TestListener - {TEST PASSED: Test_AE10_TC23_Verify_Address_On_Checkout
2026-03-19 19:10:17 [TestNG-test-Release 1.0 Testing for AE-4] ERROR [qa] [Test_AE10_TC23_Verify_Address_On_Checkout] io.qameta.allure.AllureLifecycle - Could not add attachment: no test is running
2026-03-19 19:10:17 [TestNG-test-Release 1.0 Testing for AE-4] INFO  [qa] [Test_AE10_TC23_Verify_Address_On_Checkout] framework.listeners.TestListener - Screenshot attached: PASSED Screenshot:
