2026-03-19 19:51:04 [TestNG-test-Release 1.0 Testing for AE-4] INFO  [qa] [Test_AE10_TC14_Verify_Place_Order_For_Customer_Registered_On_Checkout] framework.listeners.TestListener - -----------------  STARTING TEST : Test_AE10_TC14_Verify_Place_Order_For_Customer_Registered_On_Checkout  -----------------
2026-03-19 19:51:04 [TestNG-test-Release 1.0 Testing for AE-4] INFO  [qa] [Test_AE10_TC14_Verify_Place_Order_For_Customer_Registered_On_Checkout] test.ae.PlaceOrderTests - Running:Step-1
2026-03-19 19:51:06 [TestNG-test-Release 1.0 Testing for AE-4] INFO  [qa] [Test_AE10_TC14_Verify_Place_Order_For_Customer_Registered_On_Checkout] test.ae.PlaceOrderTests - Running:Step-2
2026-03-19 19:51:08 [TestNG-test-Release 1.0 Testing for AE-4] INFO  [qa] [Test_AE10_TC14_Verify_Place_Order_For_Customer_Registered_On_Checkout] pages.ae.HomePage - Navigating to Products
2026-03-19 19:51:12 [TestNG-test-Release 1.0 Testing for AE-4] INFO  [qa] [Test_AE10_TC14_Verify_Place_Order_For_Customer_Registered_On_Checkout] pages.ae.ProductsPage - 
---------------------------------------------------
Product 1 Added To Cart
Name  : Blue Top
Price : 500
------------------------xxxx-----------------------

2026-03-19 19:51:15 [TestNG-test-Release 1.0 Testing for AE-4] INFO  [qa] [Test_AE10_TC14_Verify_Place_Order_For_Customer_Registered_On_Checkout] pages.ae.ProductsPage - 
---------------------------------------------------
Product 2 Added To Cart
Name  : Men Tshirt
Price : 400
------------------------xxxx-----------------------

2026-03-19 19:51:15 [TestNG-test-Release 1.0 Testing for AE-4] INFO  [qa] [Test_AE10_TC14_Verify_Place_Order_For_Customer_Registered_On_Checkout] test.ae.PlaceOrderTests - Running:Step-3
2026-03-19 19:51:16 [TestNG-test-Release 1.0 Testing for AE-4] INFO  [qa] [Test_AE10_TC14_Verify_Place_Order_For_Customer_Registered_On_Checkout] pages.ae.HomePage - Navigating to Cart
2026-03-19 19:51:18 [TestNG-test-Release 1.0 Testing for AE-4] INFO  [qa] [Test_AE10_TC14_Verify_Place_Order_For_Customer_Registered_On_Checkout] test.ae.PlaceOrderTests - Running:Step-4
2026-03-19 19:51:28 [TestNG-test-Release 1.0 Testing for AE-4] INFO  [qa] [Test_AE10_TC14_Verify_Place_Order_For_Customer_Registered_On_Checkout] pages.ae.SignupDetailPage - Checkbox: 'Newsletter' is set to: false
2026-03-19 19:51:29 [TestNG-test-Release 1.0 Testing for AE-4] INFO  [qa] [Test_AE10_TC14_Verify_Place_Order_For_Customer_Registered_On_Checkout] pages.ae.SignupDetailPage - Checkbox: 'Special Offers' is set to: true
2026-03-19 19:51:29 [TestNG-test-Release 1.0 Testing for AE-4] ERROR [qa] [Test_AE10_TC14_Verify_Place_Order_For_Customer_Registered_On_Checkout] io.qameta.allure.util.NamingUtils - Could not process empty pattern
2026-03-19 19:51:29 [TestNG-test-Release 1.0 Testing for AE-4] ERROR [qa] [Test_AE10_TC14_Verify_Place_Order_For_Customer_Registered_On_Checkout] io.qameta.allure.util.NamingUtils - Could not process empty pattern
2026-03-19 19:51:38 [TestNG-test-Release 1.0 Testing for AE-4] ERROR [qa] [Test_AE10_TC14_Verify_Place_Order_For_Customer_Registered_On_Checkout] io.qameta.allure.util.NamingUtils - Could not find parameter zipcpde
2026-03-19 19:51:43 [TestNG-test-Release 1.0 Testing for AE-4] INFO  [qa] [Test_AE10_TC14_Verify_Place_Order_For_Customer_Registered_On_Checkout] test.ae.PlaceOrderTests - Running:Step-5
2026-03-19 19:51:44 [TestNG-test-Release 1.0 Testing for AE-4] INFO  [qa] [Test_AE10_TC14_Verify_Place_Order_For_Customer_Registered_On_Checkout] pages.ae.HomePage - Navigating to Cart
2026-03-19 19:51:45 [TestNG-test-Release 1.0 Testing for AE-4] INFO  [qa] [Test_AE10_TC14_Verify_Place_Order_For_Customer_Registered_On_Checkout] test.ae.PlaceOrderTests - Running:Step-6.1
2026-03-19 19:51:45 [TestNG-test-Release 1.0 Testing for AE-4] INFO  [qa] [Test_AE10_TC14_Verify_Place_Order_For_Customer_Registered_On_Checkout] pages.ae.CheckOutPage - 
-------------------------------------------------------------------------
               DELIVERY ADDRESS ON CHECKOUT
-------------------------------------------------------------------------
Title Fullname  : Mrs. Tabetha King
Company Name    : Effertz, Kulas and Larson
Address Line1   : 3377 Vandervort Mills
Address Line2   : Suite 741
Address Line3   : Port Kamala Oregon 458144
Country         : Canada
Phone           : 2423362648
-------------------------------------------------------------------------

2026-03-19 19:51:46 [TestNG-test-Release 1.0 Testing for AE-4] INFO  [qa] [Test_AE10_TC14_Verify_Place_Order_For_Customer_Registered_On_Checkout] pages.ae.CheckOutPage - 
-------------------------------------------------------------------------
               INVOICE ADDRESS ON CHECKOUT
-------------------------------------------------------------------------
Title Fullname  : Mrs. Tabetha King
Company Name    : Effertz, Kulas and Larson
Address Line1   : 3377 Vandervort Mills
Address Line2   : Suite 741
Address Line3   : Port Kamala Oregon 458144
Country         : Canada
Phone           : 2423362648
--------------------------------------------------------------------------

2026-03-19 19:51:46 [TestNG-test-Release 1.0 Testing for AE-4] INFO  [qa] [Test_AE10_TC14_Verify_Place_Order_For_Customer_Registered_On_Checkout] test.ae.PlaceOrderTests - Running:Step-6.2
2026-03-19 19:51:46 [TestNG-test-Release 1.0 Testing for AE-4] INFO  [qa] [Test_AE10_TC14_Verify_Place_Order_For_Customer_Registered_On_Checkout] pages.ae.CheckOutPage - 
				PRODUCT-1 DETAILS FROM CART
---------------------------------------------------
Name        : Blue Top
Category    : Women
SubCategory : Tops
Price       : 500
Quantity    : 1
Total       : 500
----------------------------------------------------


2026-03-19 19:51:46 [TestNG-test-Release 1.0 Testing for AE-4] INFO  [qa] [Test_AE10_TC14_Verify_Place_Order_For_Customer_Registered_On_Checkout] pages.ae.CheckOutPage - 
				PRODUCT-2 DETAILS FROM CART
---------------------------------------------------
Name        : Men Tshirt
Category    : Men
SubCategory : Tshirts
Price       : 400
Quantity    : 1
Total       : 400
----------------------------------------------------


2026-03-19 19:51:46 [TestNG-test-Release 1.0 Testing for AE-4] INFO  [qa] [Test_AE10_TC14_Verify_Place_Order_For_Customer_Registered_On_Checkout] pages.ae.CheckOutPage - 
				CART SUMMARY
---------------------------------------------------
Total of <2> Product/s are Added To Cart
Cart Total Price is '900'
----------------------------------------------------


2026-03-19 19:51:46 [TestNG-test-Release 1.0 Testing for AE-4] INFO  [qa] [Test_AE10_TC14_Verify_Place_Order_For_Customer_Registered_On_Checkout] test.ae.PlaceOrderTests - The expected cart total: 900
2026-03-19 19:51:46 [TestNG-test-Release 1.0 Testing for AE-4] INFO  [qa] [Test_AE10_TC14_Verify_Place_Order_For_Customer_Registered_On_Checkout] test.ae.PlaceOrderTests - Running:Step-7
2026-03-19 19:51:48 [TestNG-test-Release 1.0 Testing for AE-4] INFO  [qa] [Test_AE10_TC14_Verify_Place_Order_For_Customer_Registered_On_Checkout] test.ae.PlaceOrderTests - Running:Step-8
2026-03-19 19:51:53 [TestNG-test-Release 1.0 Testing for AE-4] INFO  [qa] [Test_AE10_TC14_Verify_Place_Order_For_Customer_Registered_On_Checkout] test.ae.PlaceOrderTests - Running:Step-9
2026-03-19 19:51:56 [TestNG-test-Release 1.0 Testing for AE-4] INFO  [qa] [Test_AE10_TC14_Verify_Place_Order_For_Customer_Registered_On_Checkout] test.ae.PlaceOrderTests - Running:Step-10
2026-03-19 19:51:56 [TestNG-test-Release 1.0 Testing for AE-4] INFO  [qa] [Test_AE10_TC14_Verify_Place_Order_For_Customer_Registered_On_Checkout] test.ae.PlaceOrderTests - Running:Step-11 >>>> Cleanup
2026-03-19 19:51:58 [TestNG-test-Release 1.0 Testing for AE-4] INFO  [qa] [Test_AE10_TC14_Verify_Place_Order_For_Customer_Registered_On_Checkout] framework.listeners.TestListener - {TEST PASSED: Test_AE10_TC14_Verify_Place_Order_For_Customer_Registered_On_Checkout
2026-03-19 19:52:00 [TestNG-test-Release 1.0 Testing for AE-4] ERROR [qa] [Test_AE10_TC14_Verify_Place_Order_For_Customer_Registered_On_Checkout] io.qameta.allure.AllureLifecycle - Could not add attachment: no test is running
2026-03-19 19:52:00 [TestNG-test-Release 1.0 Testing for AE-4] INFO  [qa] [Test_AE10_TC14_Verify_Place_Order_For_Customer_Registered_On_Checkout] framework.listeners.TestListener - Screenshot attached: PASSED Screenshot:
