2026-03-26 11:32:07 [TestNG-tests-3] INFO  [qa] [Test_AE1_TC01_Verify_New_User_SignUp_edge_31] framework.listeners.TestListener - --- STARTING TEST : SignupTests#Test_AE1_TC01_Verify_New_User_SignUp on edge [thread-31] ---
2026-03-26 11:32:07 [TestNG-tests-3] INFO  [qa] [Test_AE1_TC01_Verify_New_User_SignUp_edge_31] test.ae.SignupTests - Running:Step-1
2026-03-26 11:32:11 [TestNG-tests-3] INFO  [qa] [Test_AE1_TC01_Verify_New_User_SignUp_edge_31] test.ae.SignupTests - Running:Step-2
2026-03-26 11:32:13 [TestNG-tests-3] INFO  [qa] [Test_AE1_TC01_Verify_New_User_SignUp_edge_31] test.ae.SignupTests - Running:Step-3
2026-03-26 11:32:15 [TestNG-tests-3] INFO  [qa] [Test_AE1_TC01_Verify_New_User_SignUp_edge_31] test.ae.SignupTests - Running:Step-4
2026-03-26 11:32:16 [TestNG-tests-3] INFO  [qa] [Test_AE1_TC01_Verify_New_User_SignUp_edge_31] pages.ae.SignupDetailPage - Checkbox: 'Newsletter' is set to: true
2026-03-26 11:32:16 [TestNG-tests-3] INFO  [qa] [Test_AE1_TC01_Verify_New_User_SignUp_edge_31] pages.ae.SignupDetailPage - Checkbox: 'Special Offers' is set to: false
2026-03-26 11:32:16 [TestNG-tests-3] INFO  [qa] [Test_AE1_TC01_Verify_New_User_SignUp_edge_31] test.ae.SignupTests - Running:Step-5
2026-03-26 11:32:16 [TestNG-tests-3] ERROR [qa] [Test_AE1_TC01_Verify_New_User_SignUp_edge_31] io.qameta.allure.util.NamingUtils - Could not process empty pattern
2026-03-26 11:32:16 [TestNG-tests-3] ERROR [qa] [Test_AE1_TC01_Verify_New_User_SignUp_edge_31] io.qameta.allure.util.NamingUtils - Could not process empty pattern
2026-03-26 11:32:17 [TestNG-tests-3] ERROR [qa] [Test_AE1_TC01_Verify_New_User_SignUp_edge_31] io.qameta.allure.util.NamingUtils - Could not find parameter zipcpde
2026-03-26 11:32:18 [TestNG-tests-3] INFO  [qa] [Test_AE1_TC01_Verify_New_User_SignUp_edge_31] pages.ae.SignupDetailPage - Checkbox: 'Special Offers' is set to: false
2026-03-26 11:32:18 [TestNG-tests-3] INFO  [qa] [Test_AE1_TC01_Verify_New_User_SignUp_edge_31] test.ae.SignupTests - Running:Step-6
2026-03-26 11:32:26 [TestNG-tests-3] INFO  [qa] [Test_AE1_TC01_Verify_New_User_SignUp_edge_31] framework.listeners.TestListener - TEST PASSED: Test_AE1_TC01_Verify_New_User_SignUp
2026-03-26 11:32:33 [TestNG-tests-3] ERROR [qa] [Test_AE1_TC01_Verify_New_User_SignUp_edge_31] io.qameta.allure.AllureLifecycle - Could not add attachment: no test is running
2026-03-26 11:32:33 [TestNG-tests-3] INFO  [qa] [Test_AE1_TC01_Verify_New_User_SignUp_edge_31] framework.listeners.TestListener - Screenshot attached: PASSED Screenshot:
2026-03-26 11:32:39 [TestNG-tests-3] INFO  [qa] [Test_AE1_TC01_Verify_New_User_SignUp_edge_31] test.ae.SignupTests - Trace stopped for: Test_AE1_TC01_Verify_New_User_SignUp
2026-03-26 11:32:40 [TestNG-tests-3] INFO  [qa] [Test_AE1_TC01_Verify_New_User_SignUp_edge_31] framework.drivers.DriverManager - Browser closed successfully.
2026-03-26 11:32:40 [TestNG-tests-3] WARN  [qa] [Test_AE1_TC01_Verify_New_User_SignUp_edge_31] framework.drivers.DriverManager - Could not annotate BrowserStack session: Browser has been closed
2026-03-26 11:32:40 [TestNG-tests-3] INFO  [qa] [Test_AE1_TC01_Verify_New_User_SignUp_edge_31] test.ae.SignupTests - Driver shutdown successful.
2026-03-26 11:32:40 [TestNG-tests-3] INFO  [qa] [Test_AE1_TC01_Verify_New_User_SignUp_edge_31] reporting.ReportManager - ✅ Attachment added to Allure: 🎭 Playwright Trace — Test_AE1_TC01_Verify_New_User_SignUp
2026-03-26 11:32:40 [TestNG-tests-3] INFO  [qa] [Test_AE1_TC01_Verify_New_User_SignUp_edge_31] test.ae.SignupTests - Trace attached for: Test_AE1_TC01_Verify_New_User_SignUp
2026-03-26 11:32:40 [TestNG-tests-3] INFO  [qa] [Test_AE1_TC01_Verify_New_User_SignUp_edge_31] test.ae.SignupTests - trace temp file deleted from disk.
